2024-07-12 12:21:36,747 - 

DATABASE : Demo

2024-07-12 12:21:36,794 - Error occurred while processing table: AARTIIND_15m
2024-07-12 12:21:36,794 - Error message: '1d_Open'
2024-07-12 12:21:36,843 - Error occurred while processing table: AARTIIND_1h
2024-07-12 12:21:36,843 - Error message: '1d_Open'
2024-07-12 12:21:36,885 - Error occurred while processing table: AARTIIND_1d
2024-07-12 12:21:36,885 - Error message: '1d_Open'
2024-07-12 12:21:36,933 - Error occurred while processing table: ABB_15m
2024-07-12 12:21:36,933 - Error message: '1d_Open'
2024-07-12 12:21:36,968 - Error occurred while processing table: ABB_1h
2024-07-12 12:21:36,968 - Error message: '1d_Open'
2024-07-12 12:21:37,001 - Error occurred while processing table: ABB_1d
2024-07-12 12:21:37,001 - Error message: '1d_Open'
2024-07-12 12:21:38,873 - Time taken for ACC: 1.8720529079437256 seconds
2024-07-12 12:21:38,873 - Data processing for ACC completed successfully
2024-07-12 12:21:39,950 - Time taken for ACL: 1.077479600906372 seconds
2024-07-12 12:21:39,950 - Data processing for ACL completed successfully
2024-07-12 12:21:41,094 - Time taken for ADANIENT: 1.144338846206665 seconds
2024-07-12 12:21:41,094 - Data processing for ADANIENT completed successfully
2024-07-12 12:21:42,230 - Time taken for ADANIPORTS: 1.1355805397033691 seconds
2024-07-12 12:21:42,230 - Data processing for ADANIPORTS completed successfully
2024-07-12 12:21:43,478 - Time taken for ADANIPOWER: 1.24798583984375 seconds
2024-07-12 12:21:43,478 - Data processing for ADANIPOWER completed successfully
2024-07-12 12:21:44,447 - Time taken for ALKEM: 0.9685769081115723 seconds
2024-07-12 12:21:44,447 - Data processing for ALKEM completed successfully
2024-07-12 12:21:45,536 - Time taken for BAJAJ-AUTO: 1.0895946025848389 seconds
2024-07-12 12:21:45,536 - Data processing for BAJAJ-AUTO completed successfully
2024-07-12 12:21:46,611 - Time taken for BAJAJFINSV: 1.0751314163208008 seconds
2024-07-12 12:21:46,611 - Data processing for BAJAJFINSV completed successfully
2024-07-12 12:21:47,672 - Time taken for BAJFINANCE: 1.060765266418457 seconds
2024-07-12 12:21:47,672 - Data processing for BAJFINANCE completed successfully
2024-07-12 12:21:48,645 - Time taken for BIOCON: 0.9727597236633301 seconds
2024-07-12 12:21:48,645 - Data processing for BIOCON completed successfully
2024-07-12 12:21:50,084 - Time taken for BOSCHLTD: 1.439607858657837 seconds
2024-07-12 12:21:50,084 - Data processing for BOSCHLTD completed successfully
2024-07-12 12:21:51,345 - Time taken for BPCL: 1.2602288722991943 seconds
2024-07-12 12:21:51,345 - Data processing for BPCL completed successfully
2024-07-12 12:21:52,519 - Time taken for BRITANNIA: 1.1740076541900635 seconds
2024-07-12 12:21:52,519 - Data processing for BRITANNIA completed successfully
2024-07-12 12:21:53,560 - Time taken for CANBK: 1.0416998863220215 seconds
2024-07-12 12:21:53,560 - Data processing for CANBK completed successfully
2024-07-12 12:21:54,734 - Time taken for CGPOWER: 1.1734082698822021 seconds
2024-07-12 12:21:54,734 - Data processing for CGPOWER completed successfully
2024-07-12 12:21:55,817 - Time taken for CHOLAFIN: 1.0833921432495117 seconds
2024-07-12 12:21:55,817 - Data processing for CHOLAFIN completed successfully
2024-07-12 12:21:56,884 - Time taken for CIPLA: 1.0666892528533936 seconds
2024-07-12 12:21:56,884 - Data processing for CIPLA completed successfully
2024-07-12 12:21:57,973 - Time taken for COALINDIA: 1.0889735221862793 seconds
2024-07-12 12:21:57,973 - Data processing for COALINDIA completed successfully
2024-07-12 12:21:59,173 - Time taken for COFORGE: 1.1997880935668945 seconds
2024-07-12 12:21:59,173 - Data processing for COFORGE completed successfully
2024-07-12 12:22:00,142 - Time taken for COLPAL: 0.9696140289306641 seconds
2024-07-12 12:22:00,142 - Data processing for COLPAL completed successfully
2024-07-12 12:22:01,134 - Time taken for LTIM: 0.9914662837982178 seconds
2024-07-12 12:22:01,134 - Data processing for LTIM completed successfully
2024-07-12 12:22:01,951 - Time taken for LTTS: 0.8175523281097412 seconds
2024-07-12 12:22:01,951 - Data processing for LTTS completed successfully
2024-07-12 12:22:02,764 - Time taken for LUPIN: 0.8125331401824951 seconds
2024-07-12 12:22:02,764 - Data processing for LUPIN completed successfully
2024-07-12 12:22:03,792 - Time taken for M&M: 1.0277318954467773 seconds
2024-07-12 12:22:03,792 - Data processing for M&M completed successfully
2024-07-12 12:22:05,033 - Time taken for ^NSEI: 1.2418875694274902 seconds
2024-07-12 12:22:05,033 - Data processing for ^NSEI completed successfully
2024-07-12 12:22:06,162 - Time taken for ^NSEBANK: 1.128554105758667 seconds
2024-07-12 12:22:06,162 - Data processing for ^NSEBANK completed successfully
2024-07-12 12:22:07,267 - Time taken for ZYDUSLIFE: 1.104539155960083 seconds
2024-07-12 12:22:07,267 - Data processing for ZYDUSLIFE completed successfully
2024-07-12 12:22:08,326 - Time taken for HDFCBANK: 1.059849739074707 seconds
2024-07-12 12:22:08,326 - Data processing for HDFCBANK completed successfully
2024-07-12 12:22:09,760 - Time taken for AXISBANK: 1.4339873790740967 seconds
2024-07-12 12:22:09,760 - Data processing for AXISBANK completed successfully
2024-07-12 12:22:09,825 - Error occurred while processing table: django_migrations
2024-07-12 12:22:09,825 - Error message: '1d_Open'
2024-07-12 12:22:09,907 - Error occurred while processing table: django_content_type
2024-07-12 12:22:09,907 - Error message: '1d_Open'
2024-07-12 12:22:10,010 - Error occurred while processing table: auth_permission
2024-07-12 12:22:10,010 - Error message: '1d_Open'
2024-07-12 12:22:10,090 - Error occurred while processing table: auth_group
2024-07-12 12:22:10,090 - Error message: '1d_Open'
2024-07-12 12:22:10,272 - Error occurred while processing table: auth_group_permissions
2024-07-12 12:22:10,272 - Error message: '1d_Open'
2024-07-12 12:22:10,384 - Error occurred while processing table: accounts_user
2024-07-12 12:22:10,384 - Error message: '1d_Open'
2024-07-12 12:22:10,547 - Error occurred while processing table: accounts_user_groups
2024-07-12 12:22:10,547 - Error message: '1d_Open'
2024-07-12 12:22:10,712 - Error occurred while processing table: accounts_user_user_permissions
2024-07-12 12:22:10,712 - Error message: '1d_Open'
2024-07-12 12:22:10,758 - Error occurred while processing table: accounts_strategy
2024-07-12 12:22:10,758 - Error message: '1d_Open'
2024-07-12 12:22:10,794 - Error occurred while processing table: accounts_tickersymbol
2024-07-12 12:22:10,794 - Error message: '1d_Open'
2024-07-12 12:22:10,844 - Error occurred while processing table: django_admin_log
2024-07-12 12:22:10,844 - Error message: '1d_Open'
2024-07-12 12:22:10,900 - Error occurred while processing table: authtoken_token
2024-07-12 12:22:10,900 - Error message: '1d_Open'
2024-07-12 12:22:10,929 - Error occurred while processing table: django_session
2024-07-12 12:22:10,929 - Error message: '1d_Open'
2024-07-12 12:22:12,022 - Time taken for PRESTIGE: 1.0927891731262207 seconds
2024-07-12 12:22:12,022 - Data processing for PRESTIGE completed successfully
2024-07-12 12:22:12,940 - Time taken for SBICARD: 0.9173648357391357 seconds
2024-07-12 12:22:12,940 - Data processing for SBICARD completed successfully
2024-07-12 12:22:14,192 - Time taken for SBILIFE: 1.2507624626159668 seconds
2024-07-12 12:22:14,192 - Data processing for SBILIFE completed successfully
2024-07-12 12:22:15,448 - Time taken for SBIN: 1.255995750427246 seconds
2024-07-12 12:22:15,448 - Data processing for SBIN completed successfully
2024-07-12 12:22:16,733 - Time taken for SHREECEM: 1.2850289344787598 seconds
2024-07-12 12:22:16,733 - Data processing for SHREECEM completed successfully
2024-07-12 12:22:17,833 - Time taken for MUTHOOTFIN: 1.099815845489502 seconds
2024-07-12 12:22:17,833 - Data processing for MUTHOOTFIN completed successfully
2024-07-12 12:22:19,025 - Time taken for TITAN: 1.1923155784606934 seconds
2024-07-12 12:22:19,025 - Data processing for TITAN completed successfully
2024-07-12 12:22:20,335 - Time taken for TORNTPHARM: 1.3098819255828857 seconds
2024-07-12 12:22:20,335 - Data processing for TORNTPHARM completed successfully
2024-07-12 12:22:21,515 - Time taken for ABB: 1.1797850131988525 seconds
2024-07-12 12:22:21,515 - Data processing for ABB completed successfully
2024-07-12 12:22:22,761 - Time taken for INDUSTOWER: 1.246387243270874 seconds
2024-07-12 12:22:22,761 - Data processing for INDUSTOWER completed successfully
2024-07-12 12:22:23,802 - Time taken for VOLTAS: 1.0403904914855957 seconds
2024-07-12 12:22:23,802 - Data processing for VOLTAS completed successfully
2024-07-12 12:22:25,036 - Time taken for BHARTIARTL: 1.2341318130493164 seconds
2024-07-12 12:22:25,036 - Data processing for BHARTIARTL completed successfully
2024-07-12 12:22:26,307 - Time taken for BHEL: 1.2712304592132568 seconds
2024-07-12 12:22:26,307 - Data processing for BHEL completed successfully
2024-07-12 12:22:27,530 - Time taken for PNB: 1.2228076457977295 seconds
2024-07-12 12:22:27,530 - Data processing for PNB completed successfully
2024-07-12 12:22:28,708 - Time taken for POLICYBZR: 1.1778895854949951 seconds
2024-07-12 12:22:28,708 - Data processing for POLICYBZR completed successfully
2024-07-12 12:22:29,900 - Time taken for ABFRL: 1.1917901039123535 seconds
2024-07-12 12:22:29,900 - Data processing for ABFRL completed successfully
2024-07-12 12:22:31,136 - Time taken for POLYCAB: 1.2365798950195312 seconds
2024-07-12 12:22:31,136 - Data processing for POLYCAB completed successfully
2024-07-12 12:22:32,241 - Time taken for SHRIRAMFIN: 1.1045880317687988 seconds
2024-07-12 12:22:32,241 - Data processing for SHRIRAMFIN completed successfully
2024-07-12 12:22:33,365 - Time taken for SIEMENS: 1.1243951320648193 seconds
2024-07-12 12:22:33,365 - Data processing for SIEMENS completed successfully
2024-07-12 12:22:34,308 - Time taken for SONACOMS: 0.9427151679992676 seconds
2024-07-12 12:22:34,308 - Data processing for SONACOMS completed successfully
2024-07-12 12:22:35,201 - Time taken for SRF: 0.8926184177398682 seconds
2024-07-12 12:22:35,201 - Data processing for SRF completed successfully
2024-07-12 12:22:36,104 - Time taken for SUNPHARMA: 0.903285026550293 seconds
2024-07-12 12:22:36,104 - Data processing for SUNPHARMA completed successfully
2024-07-12 12:22:37,165 - Time taken for SUNTV: 1.061161756515503 seconds
2024-07-12 12:22:37,165 - Data processing for SUNTV completed successfully
2024-07-12 12:22:38,307 - Time taken for SYNGENE: 1.1420459747314453 seconds
2024-07-12 12:22:38,307 - Data processing for SYNGENE completed successfully
2024-07-12 12:22:39,559 - Time taken for TATACHEM: 1.2519421577453613 seconds
2024-07-12 12:22:39,559 - Data processing for TATACHEM completed successfully
2024-07-12 12:22:40,488 - Time taken for TATACOMM: 0.9293234348297119 seconds
2024-07-12 12:22:40,488 - Data processing for TATACOMM completed successfully
2024-07-12 12:22:41,659 - Time taken for TATACONSUM: 1.1703016757965088 seconds
2024-07-12 12:22:41,659 - Data processing for TATACONSUM completed successfully
2024-07-12 12:22:42,840 - Time taken for TATAELXSI: 1.18088960647583 seconds
2024-07-12 12:22:42,840 - Data processing for TATAELXSI completed successfully
2024-07-12 12:22:44,074 - Time taken for TATAMOTORS: 1.2344982624053955 seconds
2024-07-12 12:22:44,074 - Data processing for TATAMOTORS completed successfully
2024-07-12 12:22:45,281 - Time taken for TATAMTRDVR: 1.2070345878601074 seconds
2024-07-12 12:22:45,282 - Data processing for TATAMTRDVR completed successfully
2024-07-12 12:22:46,248 - Time taken for ITC: 0.9663619995117188 seconds
2024-07-12 12:22:46,248 - Data processing for ITC completed successfully
2024-07-12 12:22:47,593 - Time taken for JINDALSTEL: 1.3447747230529785 seconds
2024-07-12 12:22:47,593 - Data processing for JINDALSTEL completed successfully
2024-07-12 12:22:48,816 - Time taken for RAMCOCEM: 1.2225673198699951 seconds
2024-07-12 12:22:48,816 - Data processing for RAMCOCEM completed successfully
2024-07-12 12:22:49,998 - Time taken for RECLTD: 1.1824932098388672 seconds
2024-07-12 12:22:49,998 - Data processing for RECLTD completed successfully
2024-07-12 12:22:51,137 - Time taken for INFY: 1.1390454769134521 seconds
2024-07-12 12:22:51,137 - Data processing for INFY completed successfully
2024-07-12 12:22:52,326 - Time taken for IOC: 1.1885600090026855 seconds
2024-07-12 12:22:52,326 - Data processing for IOC completed successfully
2024-07-12 12:22:53,667 - Time taken for TATAPOWER: 1.3418316841125488 seconds
2024-07-12 12:22:53,667 - Data processing for TATAPOWER completed successfully
2024-07-12 12:22:54,856 - Time taken for TATASTEEL: 1.188178300857544 seconds
2024-07-12 12:22:54,856 - Data processing for TATASTEEL completed successfully
2024-07-12 12:22:56,039 - Time taken for IPCALAB: 1.1832244396209717 seconds
2024-07-12 12:22:56,039 - Data processing for IPCALAB completed successfully
2024-07-12 12:22:56,980 - Time taken for IRCTC: 0.9408309459686279 seconds
2024-07-12 12:22:56,980 - Data processing for IRCTC completed successfully
2024-07-12 12:22:58,113 - Time taken for YESBANK: 1.1214025020599365 seconds
2024-07-12 12:22:58,113 - Data processing for YESBANK completed successfully
2024-07-12 12:22:59,385 - Time taken for BALKRISIND: 1.263023853302002 seconds
2024-07-12 12:22:59,385 - Data processing for BALKRISIND completed successfully
2024-07-12 12:23:00,627 - Time taken for BANKBARODA: 1.2417185306549072 seconds
2024-07-12 12:23:00,627 - Data processing for BANKBARODA completed successfully
2024-07-12 12:23:01,781 - Time taken for BATAINDIA: 1.1538286209106445 seconds
2024-07-12 12:23:01,781 - Data processing for BATAINDIA completed successfully
2024-07-12 12:23:02,701 - Time taken for BDL: 0.9204058647155762 seconds
2024-07-12 12:23:02,701 - Data processing for BDL completed successfully
2024-07-12 12:23:03,847 - Time taken for BEL: 1.1460485458374023 seconds
2024-07-12 12:23:03,847 - Data processing for BEL completed successfully
2024-07-12 12:23:04,873 - Time taken for BERGEPAINT: 1.0261056423187256 seconds
2024-07-12 12:23:04,873 - Data processing for BERGEPAINT completed successfully
2024-07-12 12:23:06,020 - Time taken for BHARATFORG: 1.146899938583374 seconds
2024-07-12 12:23:06,020 - Data processing for BHARATFORG completed successfully
2024-07-12 12:23:07,041 - Time taken for CONCOR: 1.0206820964813232 seconds
2024-07-12 12:23:07,041 - Data processing for CONCOR completed successfully
2024-07-12 12:23:08,131 - Time taken for COROMANDEL: 1.0899195671081543 seconds
2024-07-12 12:23:08,131 - Data processing for COROMANDEL completed successfully
2024-07-12 12:23:09,040 - Time taken for CROMPTON: 0.9090735912322998 seconds
2024-07-12 12:23:09,040 - Data processing for CROMPTON completed successfully
2024-07-12 12:23:09,843 - Time taken for CUMMINSIND: 0.8032307624816895 seconds
2024-07-12 12:23:09,843 - Data processing for CUMMINSIND completed successfully
2024-07-12 12:23:11,012 - Time taken for RELIANCE: 1.1686193943023682 seconds
2024-07-12 12:23:11,012 - Data processing for RELIANCE completed successfully
2024-07-12 12:23:12,147 - Time taken for SAIL: 1.134833574295044 seconds
2024-07-12 12:23:12,147 - Data processing for SAIL completed successfully
2024-07-12 12:23:13,203 - Time taken for DALBHARAT: 1.0565922260284424 seconds
2024-07-12 12:23:13,203 - Data processing for DALBHARAT completed successfully
2024-07-12 12:23:14,112 - Time taken for DEEPAKNTR: 0.9083478450775146 seconds
2024-07-12 12:23:14,112 - Data processing for DEEPAKNTR completed successfully
2024-07-12 12:23:15,267 - Time taken for MSUMI: 1.1550188064575195 seconds
2024-07-12 12:23:15,267 - Data processing for MSUMI completed successfully
2024-07-12 12:23:16,422 - Time taken for POWERGRID: 1.155555009841919 seconds
2024-07-12 12:23:16,422 - Data processing for POWERGRID completed successfully
2024-07-12 12:23:17,595 - Time taken for EPIGRAL: 1.1728622913360596 seconds
2024-07-12 12:23:17,595 - Data processing for EPIGRAL completed successfully
2024-07-12 12:23:18,794 - Time taken for ESCORTS: 1.199296474456787 seconds
2024-07-12 12:23:18,794 - Data processing for ESCORTS completed successfully
2024-07-12 12:23:19,878 - Time taken for FACT: 1.083106279373169 seconds
2024-07-12 12:23:19,878 - Data processing for FACT completed successfully
2024-07-12 12:23:21,073 - Time taken for FLUOROCHEM: 1.1949472427368164 seconds
2024-07-12 12:23:21,073 - Data processing for FLUOROCHEM completed successfully
2024-07-12 12:23:22,390 - Time taken for GAIL: 1.3165545463562012 seconds
2024-07-12 12:23:22,390 - Data processing for GAIL completed successfully
2024-07-12 12:23:23,622 - Time taken for GLAND: 1.2321579456329346 seconds
2024-07-12 12:23:23,622 - Data processing for GLAND completed successfully
2024-07-12 12:23:24,801 - Time taken for DELHIVERY: 1.1793742179870605 seconds
2024-07-12 12:23:24,801 - Data processing for DELHIVERY completed successfully
2024-07-12 12:23:25,981 - Time taken for DIVISLAB: 1.1795685291290283 seconds
2024-07-12 12:23:25,981 - Data processing for DIVISLAB completed successfully
2024-07-12 12:23:27,126 - Time taken for DIXON: 1.1455669403076172 seconds
2024-07-12 12:23:27,126 - Data processing for DIXON completed successfully
2024-07-12 12:23:28,245 - Time taken for DLF: 1.118645191192627 seconds
2024-07-12 12:23:28,245 - Data processing for DLF completed successfully
2024-07-12 12:23:29,398 - Time taken for DRREDDY: 1.1534383296966553 seconds
2024-07-12 12:23:29,398 - Data processing for DRREDDY completed successfully
2024-07-12 12:23:30,414 - Time taken for EICHERMOT: 1.0158882141113281 seconds
2024-07-12 12:23:30,414 - Data processing for EICHERMOT completed successfully
2024-07-12 12:23:31,532 - Time taken for M&MFIN: 1.117452621459961 seconds
2024-07-12 12:23:31,532 - Data processing for M&MFIN completed successfully
2024-07-12 12:23:32,674 - Time taken for MANKIND: 1.1416938304901123 seconds
2024-07-12 12:23:32,674 - Data processing for MANKIND completed successfully
2024-07-12 12:23:34,004 - Time taken for MARICO: 1.3306047916412354 seconds
2024-07-12 12:23:34,004 - Data processing for MARICO completed successfully
2024-07-12 12:23:35,130 - Time taken for MARUTI: 1.1243584156036377 seconds
2024-07-12 12:23:35,130 - Data processing for MARUTI completed successfully
2024-07-12 12:23:36,181 - Time taken for MAXHEALTH: 1.0501525402069092 seconds
2024-07-12 12:23:36,181 - Data processing for MAXHEALTH completed successfully
2024-07-12 12:23:37,281 - Time taken for MAZDOCK: 1.1000537872314453 seconds
2024-07-12 12:23:37,281 - Data processing for MAZDOCK completed successfully
2024-07-12 12:23:38,274 - Time taken for MCDOWELL-N: 0.9936199188232422 seconds
2024-07-12 12:23:38,274 - Data processing for MCDOWELL-N completed successfully
2024-07-12 12:23:39,404 - Time taken for MFSL: 1.1299548149108887 seconds
2024-07-12 12:23:39,404 - Data processing for MFSL completed successfully
2024-07-12 12:23:40,428 - Time taken for MOTHERSON: 1.0239708423614502 seconds
2024-07-12 12:23:40,428 - Data processing for MOTHERSON completed successfully
2024-07-12 12:23:41,299 - Time taken for JSWENERGY: 0.8705642223358154 seconds
2024-07-12 12:23:41,299 - Data processing for JSWENERGY completed successfully
2024-07-12 12:23:42,169 - Time taken for JSWSTEEL: 0.8703908920288086 seconds
2024-07-12 12:23:42,169 - Data processing for JSWSTEEL completed successfully
2024-07-12 12:23:43,009 - Time taken for JUBLFOOD: 0.8394355773925781 seconds
2024-07-12 12:23:43,009 - Data processing for JUBLFOOD completed successfully
2024-07-12 12:23:44,027 - Time taken for KOTAKBANK: 1.0178718566894531 seconds
2024-07-12 12:23:44,027 - Data processing for KOTAKBANK completed successfully
2024-07-12 12:23:45,300 - Time taken for AMBUJACEM: 1.2733824253082275 seconds
2024-07-12 12:23:45,300 - Data processing for AMBUJACEM completed successfully
2024-07-12 12:23:46,591 - Time taken for APLAPOLLO: 1.2908668518066406 seconds
2024-07-12 12:23:46,591 - Data processing for APLAPOLLO completed successfully
2024-07-12 12:23:47,583 - Time taken for NAUKRI: 0.9917545318603516 seconds
2024-07-12 12:23:47,583 - Data processing for NAUKRI completed successfully
2024-07-12 12:23:48,586 - Time taken for MPHASIS: 1.0037858486175537 seconds
2024-07-12 12:23:48,586 - Data processing for MPHASIS completed successfully
2024-07-12 12:23:49,683 - Time taken for GODREJPROP: 1.0962157249450684 seconds
2024-07-12 12:23:49,683 - Data processing for GODREJPROP completed successfully
2024-07-12 12:23:50,849 - Time taken for DABUR: 1.1667871475219727 seconds
2024-07-12 12:23:50,849 - Data processing for DABUR completed successfully
2024-07-12 12:23:51,866 - Time taken for GRASIM: 1.0162780284881592 seconds
2024-07-12 12:23:51,866 - Data processing for GRASIM completed successfully
2024-07-12 12:23:52,965 - Time taken for GUJGASLTD: 1.0998427867889404 seconds
2024-07-12 12:23:52,965 - Data processing for GUJGASLTD completed successfully
2024-07-12 12:23:54,031 - Time taken for HAL: 1.0652766227722168 seconds
2024-07-12 12:23:54,032 - Data processing for HAL completed successfully
2024-07-12 12:23:55,082 - Time taken for HAVELLS: 1.0507524013519287 seconds
2024-07-12 12:23:55,082 - Data processing for HAVELLS completed successfully
2024-07-12 12:23:56,103 - Time taken for KPITTECH: 1.0209932327270508 seconds
2024-07-12 12:23:56,103 - Data processing for KPITTECH completed successfully
2024-07-12 12:23:57,206 - Time taken for LATENTVIEW: 1.1031365394592285 seconds
2024-07-12 12:23:57,206 - Data processing for LATENTVIEW completed successfully
2024-07-12 12:23:58,159 - Time taken for LAURUSLABS: 0.9437694549560547 seconds
2024-07-12 12:23:58,159 - Data processing for LAURUSLABS completed successfully
2024-07-12 12:23:59,289 - Time taken for LICHSGFIN: 1.1301517486572266 seconds
2024-07-12 12:23:59,289 - Data processing for LICHSGFIN completed successfully
2024-07-12 12:24:00,389 - Time taken for LICI: 1.0998687744140625 seconds
2024-07-12 12:24:00,389 - Data processing for LICI completed successfully
2024-07-12 12:24:01,399 - Time taken for HCLTECH: 1.0097742080688477 seconds
2024-07-12 12:24:01,399 - Data processing for HCLTECH completed successfully
2024-07-12 12:24:02,452 - Time taken for HDFCAMC: 1.0533761978149414 seconds
2024-07-12 12:24:02,452 - Data processing for HDFCAMC completed successfully
2024-07-12 12:24:03,606 - Time taken for HDFCLIFE: 1.1535463333129883 seconds
2024-07-12 12:24:03,606 - Data processing for HDFCLIFE completed successfully
2024-07-12 12:24:04,656 - Time taken for IRFC: 1.0497617721557617 seconds
2024-07-12 12:24:04,656 - Data processing for IRFC completed successfully
2024-07-12 12:24:05,840 - Time taken for UBL: 1.1837725639343262 seconds
2024-07-12 12:24:05,840 - Data processing for UBL completed successfully
2024-07-12 12:24:06,839 - Time taken for ULTRACEMCO: 0.9995410442352295 seconds
2024-07-12 12:24:06,839 - Data processing for ULTRACEMCO completed successfully
2024-07-12 12:24:07,966 - Time taken for UNIONBANK: 1.1151182651519775 seconds
2024-07-12 12:24:07,966 - Data processing for UNIONBANK completed successfully
2024-07-12 12:24:09,206 - Time taken for UPL: 1.2337884902954102 seconds
2024-07-12 12:24:09,206 - Data processing for UPL completed successfully
2024-07-12 12:24:10,456 - Time taken for VBL: 1.2498724460601807 seconds
2024-07-12 12:24:10,456 - Data processing for VBL completed successfully
2024-07-12 12:24:11,539 - Time taken for VEDL: 1.0835490226745605 seconds
2024-07-12 12:24:11,539 - Data processing for VEDL completed successfully
2024-07-12 12:24:12,643 - Time taken for GODREJCP: 1.1042242050170898 seconds
2024-07-12 12:24:12,643 - Data processing for GODREJCP completed successfully
2024-07-12 12:24:13,798 - Time taken for WIPRO: 1.154839277267456 seconds
2024-07-12 12:24:13,798 - Data processing for WIPRO completed successfully
2024-07-12 12:24:14,857 - Time taken for PEL: 1.0592527389526367 seconds
2024-07-12 12:24:14,857 - Data processing for PEL completed successfully
2024-07-12 12:24:15,728 - Time taken for TRENT: 0.8706226348876953 seconds
2024-07-12 12:24:15,728 - Data processing for TRENT completed successfully
2024-07-12 12:24:16,570 - Time taken for TVSMOTOR: 0.8420591354370117 seconds
2024-07-12 12:24:16,571 - Data processing for TVSMOTOR completed successfully
2024-07-12 12:24:17,589 - Time taken for AARTIIND: 1.0173957347869873 seconds
2024-07-12 12:24:17,599 - Data processing for AARTIIND completed successfully
2024-07-12 12:24:18,672 - Time taken for PERSISTENT: 1.073103427886963 seconds
2024-07-12 12:24:18,672 - Data processing for PERSISTENT completed successfully
2024-07-12 12:24:19,942 - Time taken for PETRONET: 1.2696239948272705 seconds
2024-07-12 12:24:19,942 - Data processing for PETRONET completed successfully
2024-07-12 12:24:21,089 - Time taken for PFC: 1.1471550464630127 seconds
2024-07-12 12:24:21,089 - Data processing for PFC completed successfully
2024-07-12 12:24:22,246 - Time taken for PGHH: 1.1570384502410889 seconds
2024-07-12 12:24:22,246 - Data processing for PGHH completed successfully
2024-07-12 12:24:23,412 - Time taken for PIDILITIND: 1.166532278060913 seconds
2024-07-12 12:24:23,412 - Data processing for PIDILITIND completed successfully
2024-07-12 12:24:24,487 - Time taken for PIIND: 1.074587345123291 seconds
2024-07-12 12:24:24,487 - Data processing for PIIND completed successfully
2024-07-12 12:24:25,579 - Time taken for TCS: 1.0916600227355957 seconds
2024-07-12 12:24:25,579 - Data processing for TCS completed successfully
2024-07-12 12:24:26,839 - Time taken for TECHM: 1.2605292797088623 seconds
2024-07-12 12:24:26,839 - Data processing for TECHM completed successfully
2024-07-12 12:24:28,064 - Time taken for TIINDIA: 1.2245242595672607 seconds
2024-07-12 12:24:28,064 - Data processing for TIINDIA completed successfully
2024-07-12 12:24:29,084 - Time taken for NAVINFLUOR: 1.020522117614746 seconds
2024-07-12 12:24:29,084 - Data processing for NAVINFLUOR completed successfully
2024-07-12 12:24:30,034 - Time taken for NESTLEIND: 0.949721097946167 seconds
2024-07-12 12:24:30,034 - Data processing for NESTLEIND completed successfully
2024-07-12 12:24:31,250 - Time taken for NHPC: 1.2160792350769043 seconds
2024-07-12 12:24:31,251 - Data processing for NHPC completed successfully
2024-07-12 12:24:32,434 - Time taken for NMDC: 1.182969331741333 seconds
2024-07-12 12:24:32,434 - Data processing for NMDC completed successfully
2024-07-12 12:24:33,572 - Time taken for NTPC: 1.1383447647094727 seconds
2024-07-12 12:24:33,572 - Data processing for NTPC completed successfully
2024-07-12 12:24:34,651 - Time taken for NYKAA: 1.0792710781097412 seconds
2024-07-12 12:24:34,651 - Data processing for NYKAA completed successfully
2024-07-12 12:24:35,501 - Time taken for OBEROIRLTY: 0.84922194480896 seconds
2024-07-12 12:24:35,501 - Data processing for OBEROIRLTY completed successfully
2024-07-12 12:24:36,671 - Time taken for OIL: 1.1560609340667725 seconds
2024-07-12 12:24:36,671 - Data processing for OIL completed successfully
2024-07-12 12:24:37,906 - Time taken for ONGC: 1.2351865768432617 seconds
2024-07-12 12:24:37,906 - Data processing for ONGC completed successfully
2024-07-12 12:24:39,078 - Time taken for PAGEIND: 1.172337532043457 seconds
2024-07-12 12:24:39,078 - Data processing for PAGEIND completed successfully
2024-07-12 12:24:40,269 - Time taken for PATANJALI: 1.191157579421997 seconds
2024-07-12 12:24:40,269 - Data processing for PATANJALI completed successfully
2024-07-12 12:24:41,361 - Time taken for HEROMOTOCO: 1.0917541980743408 seconds
2024-07-12 12:24:41,361 - Data processing for HEROMOTOCO completed successfully
2024-07-12 12:24:42,694 - Time taken for HINDALCO: 1.3331012725830078 seconds
2024-07-12 12:24:42,694 - Data processing for HINDALCO completed successfully
2024-07-12 12:24:43,943 - Time taken for HINDPETRO: 1.249206304550171 seconds
2024-07-12 12:24:43,943 - Data processing for HINDPETRO completed successfully
2024-07-12 12:24:45,171 - Time taken for HINDUNILVR: 1.2272765636444092 seconds
2024-07-12 12:24:45,171 - Data processing for HINDUNILVR completed successfully
2024-07-12 12:24:46,237 - Time taken for ICICIBANK: 1.0663180351257324 seconds
2024-07-12 12:24:46,237 - Data processing for ICICIBANK completed successfully
2024-07-12 12:24:47,353 - Time taken for ICICIGI: 1.115917682647705 seconds
2024-07-12 12:24:47,353 - Data processing for ICICIGI completed successfully
2024-07-12 12:24:48,270 - Time taken for ICICIPRULI: 0.9168219566345215 seconds
2024-07-12 12:24:48,270 - Data processing for ICICIPRULI completed successfully
2024-07-12 12:24:49,099 - Time taken for IDFCFIRSTB: 0.828493595123291 seconds
2024-07-12 12:24:49,099 - Data processing for IDFCFIRSTB completed successfully
2024-07-12 12:24:49,985 - Time taken for IGL: 0.8862802982330322 seconds
2024-07-12 12:24:49,985 - Data processing for IGL completed successfully
2024-07-12 12:24:51,104 - Time taken for INDHOTEL: 1.1185004711151123 seconds
2024-07-12 12:24:51,104 - Data processing for INDHOTEL completed successfully
2024-07-12 12:24:51,956 - Time taken for INDIGO: 0.8519654273986816 seconds
2024-07-12 12:24:51,956 - Data processing for INDIGO completed successfully
2024-07-12 12:24:53,303 - Time taken for INDUSINDBK: 1.347585916519165 seconds
2024-07-12 12:24:53,303 - Data processing for INDUSINDBK completed successfully
2024-07-12 12:24:54,403 - Time taken for APOLLOHOSP: 1.0999481678009033 seconds
2024-07-12 12:24:54,403 - Data processing for APOLLOHOSP completed successfully
2024-07-12 12:24:55,538 - Time taken for APOLLOTYRE: 1.1348140239715576 seconds
2024-07-12 12:24:55,538 - Data processing for APOLLOTYRE completed successfully
2024-07-12 12:24:56,610 - Time taken for ASIANPAINT: 1.0721008777618408 seconds
2024-07-12 12:24:56,610 - Data processing for ASIANPAINT completed successfully
2024-07-12 12:24:57,510 - Time taken for LODHA: 0.8998849391937256 seconds
2024-07-12 12:24:57,510 - Data processing for LODHA completed successfully
2024-07-12 12:24:58,787 - Time taken for LT: 1.2775554656982422 seconds
2024-07-12 12:24:58,787 - Data processing for LT completed successfully
2024-07-12 12:24:59,894 - Time taken for ASTRAL: 1.1042509078979492 seconds
2024-07-12 12:24:59,894 - Data processing for ASTRAL completed successfully
2024-07-12 12:25:01,210 - Time taken for AUBANK: 1.3162097930908203 seconds
2024-07-12 12:25:01,210 - Data processing for AUBANK completed successfully
2024-07-12 12:25:02,443 - Time taken for AUROPHARMA: 1.233445405960083 seconds
2024-07-12 12:25:02,443 - Data processing for AUROPHARMA completed successfully
2024-07-12 12:25:03,559 - Time taken for ABCAPITAL: 1.107487440109253 seconds
2024-07-12 12:25:03,559 - Data processing for ABCAPITAL completed successfully
2024-07-12 12:25:03,560 - Overall time taken: 206.8131411075592 seconds
2024-07-12 12:25:03,560 - Data processing for all tables completed successfully
