2024-07-17 07:49:25,776 - 

DATABASE : Demo

2024-07-17 07:49:25,832 - Error occurred while processing table: AARTIIND_15m
2024-07-17 07:49:25,832 - Error message: '1d_Open'
2024-07-17 07:49:25,852 - Error occurred while processing table: AARTIIND_1h
2024-07-17 07:49:25,852 - Error message: '1d_Open'
2024-07-17 07:49:25,871 - Error occurred while processing table: AARTIIND_1d
2024-07-17 07:49:25,871 - Error message: '1d_Open'
2024-07-17 07:49:25,907 - Error occurred while processing table: ABB_15m
2024-07-17 07:49:25,908 - Error message: '1d_Open'
2024-07-17 07:49:25,941 - Error occurred while processing table: ABB_1h
2024-07-17 07:49:25,941 - Error message: '1d_Open'
2024-07-17 07:49:25,966 - Error occurred while processing table: ABB_1d
2024-07-17 07:49:25,966 - Error message: '1d_Open'
2024-07-17 07:49:27,370 - Time taken for TATACONSUM: 1.4037425518035889 seconds
2024-07-17 07:49:27,370 - Data processing for TATACONSUM completed successfully
2024-07-17 07:49:28,077 - Time taken for TATAELXSI: 0.7062356472015381 seconds
2024-07-17 07:49:28,078 - Data processing for TATAELXSI completed successfully
2024-07-17 07:49:28,751 - Time taken for TATAMOTORS: 0.672621488571167 seconds
2024-07-17 07:49:28,751 - Data processing for TATAMOTORS completed successfully
2024-07-17 07:49:29,348 - Time taken for TATAMTRDVR: 0.5956697463989258 seconds
2024-07-17 07:49:29,348 - Data processing for TATAMTRDVR completed successfully
2024-07-17 07:49:29,981 - Time taken for ITC: 0.6338992118835449 seconds
2024-07-17 07:49:29,981 - Data processing for ITC completed successfully
2024-07-17 07:49:30,637 - Time taken for JINDALSTEL: 0.6560187339782715 seconds
2024-07-17 07:49:30,637 - Data processing for JINDALSTEL completed successfully
2024-07-17 07:49:31,242 - Time taken for RAMCOCEM: 0.6039149761199951 seconds
2024-07-17 07:49:31,243 - Data processing for RAMCOCEM completed successfully
2024-07-17 07:49:32,046 - Time taken for RECLTD: 0.8035836219787598 seconds
2024-07-17 07:49:32,046 - Data processing for RECLTD completed successfully
2024-07-17 07:49:32,654 - Time taken for INFY: 0.6073052883148193 seconds
2024-07-17 07:49:32,654 - Data processing for INFY completed successfully
2024-07-17 07:49:33,303 - Time taken for IOC: 0.648345947265625 seconds
2024-07-17 07:49:33,303 - Data processing for IOC completed successfully
2024-07-17 07:49:33,979 - Time taken for TATAPOWER: 0.6747827529907227 seconds
2024-07-17 07:49:33,979 - Data processing for TATAPOWER completed successfully
2024-07-17 07:49:34,652 - Time taken for TATASTEEL: 0.6734437942504883 seconds
2024-07-17 07:49:34,652 - Data processing for TATASTEEL completed successfully
2024-07-17 07:49:35,350 - Time taken for IPCALAB: 0.6966524124145508 seconds
2024-07-17 07:49:35,350 - Data processing for IPCALAB completed successfully
2024-07-17 07:49:35,946 - Time taken for IRCTC: 0.5949065685272217 seconds
2024-07-17 07:49:35,946 - Data processing for IRCTC completed successfully
2024-07-17 07:49:36,539 - Time taken for YESBANK: 0.592545747756958 seconds
2024-07-17 07:49:36,539 - Data processing for YESBANK completed successfully
2024-07-17 07:49:37,319 - Time taken for BALKRISIND: 0.7800912857055664 seconds
2024-07-17 07:49:37,319 - Data processing for BALKRISIND completed successfully
2024-07-17 07:49:37,941 - Time taken for BANKBARODA: 0.6206588745117188 seconds
2024-07-17 07:49:37,941 - Data processing for BANKBARODA completed successfully
2024-07-17 07:49:38,617 - Time taken for BATAINDIA: 0.6745216846466064 seconds
2024-07-17 07:49:38,617 - Data processing for BATAINDIA completed successfully
2024-07-17 07:49:39,263 - Time taken for BDL: 0.6461374759674072 seconds
2024-07-17 07:49:39,263 - Data processing for BDL completed successfully
2024-07-17 07:49:39,849 - Time taken for BEL: 0.5854997634887695 seconds
2024-07-17 07:49:39,849 - Data processing for BEL completed successfully
2024-07-17 07:49:40,484 - Time taken for BERGEPAINT: 0.6352953910827637 seconds
2024-07-17 07:49:40,484 - Data processing for BERGEPAINT completed successfully
2024-07-17 07:49:41,101 - Time taken for BHARATFORG: 0.6163899898529053 seconds
2024-07-17 07:49:41,101 - Data processing for BHARATFORG completed successfully
2024-07-17 07:49:41,714 - Time taken for CONCOR: 0.6124732494354248 seconds
2024-07-17 07:49:41,714 - Data processing for CONCOR completed successfully
2024-07-17 07:49:42,479 - Time taken for COROMANDEL: 0.764167070388794 seconds
2024-07-17 07:49:42,480 - Data processing for COROMANDEL completed successfully
2024-07-17 07:49:43,118 - Time taken for CROMPTON: 0.6383607387542725 seconds
2024-07-17 07:49:43,118 - Data processing for CROMPTON completed successfully
2024-07-17 07:49:43,865 - Time taken for CUMMINSIND: 0.7464179992675781 seconds
2024-07-17 07:49:43,865 - Data processing for CUMMINSIND completed successfully
2024-07-17 07:49:44,486 - Time taken for RELIANCE: 0.6210789680480957 seconds
2024-07-17 07:49:44,486 - Data processing for RELIANCE completed successfully
2024-07-17 07:49:45,116 - Time taken for SAIL: 0.6305649280548096 seconds
2024-07-17 07:49:45,116 - Data processing for SAIL completed successfully
2024-07-17 07:49:45,711 - Time taken for DALBHARAT: 0.5941479206085205 seconds
2024-07-17 07:49:45,711 - Data processing for DALBHARAT completed successfully
2024-07-17 07:49:46,314 - Time taken for DEEPAKNTR: 0.6031866073608398 seconds
2024-07-17 07:49:46,314 - Data processing for DEEPAKNTR completed successfully
2024-07-17 07:49:46,882 - Time taken for MSUMI: 0.5674746036529541 seconds
2024-07-17 07:49:46,882 - Data processing for MSUMI completed successfully
2024-07-17 07:49:47,604 - Time taken for POWERGRID: 0.7215585708618164 seconds
2024-07-17 07:49:47,604 - Data processing for POWERGRID completed successfully
2024-07-17 07:49:48,178 - Time taken for EPIGRAL: 0.5734343528747559 seconds
2024-07-17 07:49:48,178 - Data processing for EPIGRAL completed successfully
2024-07-17 07:49:48,821 - Time taken for ESCORTS: 0.642688512802124 seconds
2024-07-17 07:49:48,821 - Data processing for ESCORTS completed successfully
2024-07-17 07:49:49,435 - Time taken for FACT: 0.6140115261077881 seconds
2024-07-17 07:49:49,435 - Data processing for FACT completed successfully
2024-07-17 07:49:50,068 - Time taken for FLUOROCHEM: 0.6323494911193848 seconds
2024-07-17 07:49:50,068 - Data processing for FLUOROCHEM completed successfully
2024-07-17 07:49:50,784 - Time taken for GAIL: 0.7161948680877686 seconds
2024-07-17 07:49:50,784 - Data processing for GAIL completed successfully
2024-07-17 07:49:51,407 - Time taken for GLAND: 0.623241662979126 seconds
2024-07-17 07:49:51,407 - Data processing for GLAND completed successfully
2024-07-17 07:49:51,980 - Time taken for DELHIVERY: 0.572289228439331 seconds
2024-07-17 07:49:51,980 - Data processing for DELHIVERY completed successfully
2024-07-17 07:49:52,690 - Time taken for DIVISLAB: 0.7100646495819092 seconds
2024-07-17 07:49:52,690 - Data processing for DIVISLAB completed successfully
2024-07-17 07:49:53,316 - Time taken for DIXON: 0.6256215572357178 seconds
2024-07-17 07:49:53,316 - Data processing for DIXON completed successfully
2024-07-17 07:49:53,914 - Time taken for DLF: 0.5976424217224121 seconds
2024-07-17 07:49:53,914 - Data processing for DLF completed successfully
2024-07-17 07:49:54,529 - Time taken for DRREDDY: 0.6137208938598633 seconds
2024-07-17 07:49:54,529 - Data processing for DRREDDY completed successfully
2024-07-17 07:49:55,184 - Time taken for EICHERMOT: 0.6533083915710449 seconds
2024-07-17 07:49:55,184 - Data processing for EICHERMOT completed successfully
2024-07-17 07:49:55,777 - Time taken for M&MFIN: 0.5925538539886475 seconds
2024-07-17 07:49:55,777 - Data processing for M&MFIN completed successfully
2024-07-17 07:49:56,360 - Time taken for MANKIND: 0.5834145545959473 seconds
2024-07-17 07:49:56,360 - Data processing for MANKIND completed successfully
2024-07-17 07:49:57,172 - Time taken for MARICO: 0.8108136653900146 seconds
2024-07-17 07:49:57,172 - Data processing for MARICO completed successfully
2024-07-17 07:49:57,745 - Time taken for MARUTI: 0.5718417167663574 seconds
2024-07-17 07:49:57,746 - Data processing for MARUTI completed successfully
2024-07-17 07:49:58,472 - Time taken for MAXHEALTH: 0.7258033752441406 seconds
2024-07-17 07:49:58,472 - Data processing for MAXHEALTH completed successfully
2024-07-17 07:49:59,139 - Time taken for MAZDOCK: 0.6670265197753906 seconds
2024-07-17 07:49:59,139 - Data processing for MAZDOCK completed successfully
2024-07-17 07:49:59,650 - Time taken for MCDOWELL-N: 0.510890007019043 seconds
2024-07-17 07:49:59,650 - Data processing for MCDOWELL-N completed successfully
2024-07-17 07:50:00,226 - Time taken for MFSL: 0.5755007266998291 seconds
2024-07-17 07:50:00,226 - Data processing for MFSL completed successfully
2024-07-17 07:50:00,851 - Time taken for MOTHERSON: 0.6241545677185059 seconds
2024-07-17 07:50:00,851 - Data processing for MOTHERSON completed successfully
2024-07-17 07:50:01,438 - Time taken for JSWENERGY: 0.5872058868408203 seconds
2024-07-17 07:50:01,438 - Data processing for JSWENERGY completed successfully
2024-07-17 07:50:01,459 - Error occurred while processing table: django_migrations
2024-07-17 07:50:01,459 - Error message: '1d_Open'
2024-07-17 07:50:02,116 - Time taken for JSWSTEEL: 0.6556315422058105 seconds
2024-07-17 07:50:02,116 - Data processing for JSWSTEEL completed successfully
2024-07-17 07:50:02,141 - Error occurred while processing table: django_content_type
2024-07-17 07:50:02,141 - Error message: '1d_Open'
2024-07-17 07:50:02,173 - Error occurred while processing table: auth_permission
2024-07-17 07:50:02,173 - Error message: '1d_Open'
2024-07-17 07:50:02,776 - Time taken for JUBLFOOD: 0.6013152599334717 seconds
2024-07-17 07:50:02,776 - Data processing for JUBLFOOD completed successfully
2024-07-17 07:50:02,814 - Error occurred while processing table: auth_group
2024-07-17 07:50:02,814 - Error message: '1d_Open'
2024-07-17 07:50:02,878 - Error occurred while processing table: auth_group_permissions
2024-07-17 07:50:02,878 - Error message: '1d_Open'
2024-07-17 07:50:03,716 - Time taken for KOTAKBANK: 0.8372726440429688 seconds
2024-07-17 07:50:03,717 - Data processing for KOTAKBANK completed successfully
2024-07-17 07:50:04,340 - Time taken for AMBUJACEM: 0.6230740547180176 seconds
2024-07-17 07:50:04,340 - Data processing for AMBUJACEM completed successfully
2024-07-17 07:50:04,372 - Error occurred while processing table: accounts_user
2024-07-17 07:50:04,372 - Error message: '1d_Open'
2024-07-17 07:50:04,413 - Error occurred while processing table: accounts_user_groups
2024-07-17 07:50:04,413 - Error message: '1d_Open'
2024-07-17 07:50:04,465 - Error occurred while processing table: accounts_user_user_permissions
2024-07-17 07:50:04,465 - Error message: '1d_Open'
2024-07-17 07:50:05,070 - Time taken for APLAPOLLO: 0.6042513847351074 seconds
2024-07-17 07:50:05,070 - Data processing for APLAPOLLO completed successfully
2024-07-17 07:50:05,103 - Error occurred while processing table: accounts_strategy
2024-07-17 07:50:05,104 - Error message: '1d_Open'
2024-07-17 07:50:05,134 - Error occurred while processing table: accounts_tickersymbol
2024-07-17 07:50:05,134 - Error message: '1d_Open'
2024-07-17 07:50:05,792 - Time taken for NAUKRI: 0.6568026542663574 seconds
2024-07-17 07:50:05,792 - Data processing for NAUKRI completed successfully
2024-07-17 07:50:05,838 - Error occurred while processing table: django_admin_log
2024-07-17 07:50:05,838 - Error message: '1d_Open'
2024-07-17 07:50:05,870 - Error occurred while processing table: authtoken_token
2024-07-17 07:50:05,870 - Error message: '1d_Open'
2024-07-17 07:50:05,896 - Error occurred while processing table: django_session
2024-07-17 07:50:05,896 - Error message: '1d_Open'
2024-07-17 07:50:06,509 - Time taken for MPHASIS: 0.6135191917419434 seconds
2024-07-17 07:50:06,509 - Data processing for MPHASIS completed successfully
2024-07-17 07:50:07,139 - Time taken for GODREJPROP: 0.6286270618438721 seconds
2024-07-17 07:50:07,139 - Data processing for GODREJPROP completed successfully
2024-07-17 07:50:07,803 - Time taken for DABUR: 0.6644527912139893 seconds
2024-07-17 07:50:07,803 - Data processing for DABUR completed successfully
2024-07-17 07:50:08,398 - Time taken for GRASIM: 0.5950798988342285 seconds
2024-07-17 07:50:08,398 - Data processing for GRASIM completed successfully
2024-07-17 07:50:09,034 - Time taken for GUJGASLTD: 0.6345899105072021 seconds
2024-07-17 07:50:09,034 - Data processing for GUJGASLTD completed successfully
2024-07-17 07:50:09,639 - Time taken for HAL: 0.6054489612579346 seconds
2024-07-17 07:50:09,639 - Data processing for HAL completed successfully
2024-07-17 07:50:10,393 - Time taken for HAVELLS: 0.7519137859344482 seconds
2024-07-17 07:50:10,393 - Data processing for HAVELLS completed successfully
2024-07-17 07:50:11,023 - Time taken for KPITTECH: 0.6300058364868164 seconds
2024-07-17 07:50:11,023 - Data processing for KPITTECH completed successfully
2024-07-17 07:50:11,683 - Time taken for LAURUSLABS: 0.6595544815063477 seconds
2024-07-17 07:50:11,683 - Data processing for LAURUSLABS completed successfully
2024-07-17 07:50:12,335 - Time taken for LICHSGFIN: 0.6516339778900146 seconds
2024-07-17 07:50:12,335 - Data processing for LICHSGFIN completed successfully
2024-07-17 07:50:12,936 - Time taken for LICI: 0.6011581420898438 seconds
2024-07-17 07:50:12,936 - Data processing for LICI completed successfully
2024-07-17 07:50:13,537 - Time taken for HCLTECH: 0.6001732349395752 seconds
2024-07-17 07:50:13,537 - Data processing for HCLTECH completed successfully
2024-07-17 07:50:14,124 - Time taken for HDFCAMC: 0.5868902206420898 seconds
2024-07-17 07:50:14,124 - Data processing for HDFCAMC completed successfully
2024-07-17 07:50:14,716 - Time taken for HDFCLIFE: 0.5916280746459961 seconds
2024-07-17 07:50:14,716 - Data processing for HDFCLIFE completed successfully
2024-07-17 07:50:15,334 - Time taken for IRFC: 0.616992712020874 seconds
2024-07-17 07:50:15,334 - Data processing for IRFC completed successfully
2024-07-17 07:50:15,962 - Time taken for UBL: 0.6273329257965088 seconds
2024-07-17 07:50:15,962 - Data processing for UBL completed successfully
2024-07-17 07:50:16,585 - Time taken for ULTRACEMCO: 0.6217586994171143 seconds
2024-07-17 07:50:16,586 - Data processing for ULTRACEMCO completed successfully
2024-07-17 07:50:17,206 - Time taken for UNIONBANK: 0.620185375213623 seconds
2024-07-17 07:50:17,206 - Data processing for UNIONBANK completed successfully
2024-07-17 07:50:17,888 - Time taken for UPL: 0.681128740310669 seconds
2024-07-17 07:50:17,888 - Data processing for UPL completed successfully
2024-07-17 07:50:18,500 - Time taken for VBL: 0.611506462097168 seconds
2024-07-17 07:50:18,500 - Data processing for VBL completed successfully
2024-07-17 07:50:19,258 - Time taken for VEDL: 0.7571518421173096 seconds
2024-07-17 07:50:19,258 - Data processing for VEDL completed successfully
2024-07-17 07:50:19,855 - Time taken for GODREJCP: 0.5972208976745605 seconds
2024-07-17 07:50:19,855 - Data processing for GODREJCP completed successfully
2024-07-17 07:50:20,474 - Time taken for WIPRO: 0.618755578994751 seconds
2024-07-17 07:50:20,474 - Data processing for WIPRO completed successfully
2024-07-17 07:50:21,094 - Time taken for PEL: 0.6208250522613525 seconds
2024-07-17 07:50:21,094 - Data processing for PEL completed successfully
2024-07-17 07:50:21,741 - Time taken for TRENT: 0.6457350254058838 seconds
2024-07-17 07:50:21,741 - Data processing for TRENT completed successfully
2024-07-17 07:50:22,410 - Time taken for TVSMOTOR: 0.6675293445587158 seconds
2024-07-17 07:50:22,410 - Data processing for TVSMOTOR completed successfully
2024-07-17 07:50:23,114 - Time taken for AARTIIND: 0.7036862373352051 seconds
2024-07-17 07:50:23,114 - Data processing for AARTIIND completed successfully
2024-07-17 07:50:23,747 - Time taken for PERSISTENT: 0.632530927658081 seconds
2024-07-17 07:50:23,747 - Data processing for PERSISTENT completed successfully
2024-07-17 07:50:24,426 - Time taken for PETRONET: 0.6780943870544434 seconds
2024-07-17 07:50:24,426 - Data processing for PETRONET completed successfully
2024-07-17 07:50:25,009 - Time taken for PFC: 0.5829107761383057 seconds
2024-07-17 07:50:25,009 - Data processing for PFC completed successfully
2024-07-17 07:50:25,601 - Time taken for PGHH: 0.5904757976531982 seconds
2024-07-17 07:50:25,601 - Data processing for PGHH completed successfully
2024-07-17 07:50:26,236 - Time taken for PIDILITIND: 0.6340241432189941 seconds
2024-07-17 07:50:26,236 - Data processing for PIDILITIND completed successfully
2024-07-17 07:50:26,839 - Time taken for PIIND: 0.601449728012085 seconds
2024-07-17 07:50:26,839 - Data processing for PIIND completed successfully
2024-07-17 07:50:27,529 - Time taken for TCS: 0.6896569728851318 seconds
2024-07-17 07:50:27,529 - Data processing for TCS completed successfully
2024-07-17 07:50:28,153 - Time taken for TECHM: 0.6239638328552246 seconds
2024-07-17 07:50:28,153 - Data processing for TECHM completed successfully
2024-07-17 07:50:28,723 - Time taken for TIINDIA: 0.5684733390808105 seconds
2024-07-17 07:50:28,723 - Data processing for TIINDIA completed successfully
2024-07-17 07:50:29,502 - Time taken for NAVINFLUOR: 0.7781412601470947 seconds
2024-07-17 07:50:29,502 - Data processing for NAVINFLUOR completed successfully
2024-07-17 07:50:30,131 - Time taken for NESTLEIND: 0.628533124923706 seconds
2024-07-17 07:50:30,131 - Data processing for NESTLEIND completed successfully
2024-07-17 07:50:30,745 - Time taken for NHPC: 0.613375186920166 seconds
2024-07-17 07:50:30,746 - Data processing for NHPC completed successfully
2024-07-17 07:50:31,360 - Time taken for NMDC: 0.6143856048583984 seconds
2024-07-17 07:50:31,361 - Data processing for NMDC completed successfully
2024-07-17 07:50:31,957 - Time taken for NTPC: 0.5951945781707764 seconds
2024-07-17 07:50:31,957 - Data processing for NTPC completed successfully
2024-07-17 07:50:32,603 - Time taken for NYKAA: 0.6460719108581543 seconds
2024-07-17 07:50:32,603 - Data processing for NYKAA completed successfully
2024-07-17 07:50:33,224 - Time taken for OBEROIRLTY: 0.6204013824462891 seconds
2024-07-17 07:50:33,224 - Data processing for OBEROIRLTY completed successfully
2024-07-17 07:50:33,890 - Time taken for OIL: 0.6639020442962646 seconds
2024-07-17 07:50:33,890 - Data processing for OIL completed successfully
2024-07-17 07:50:34,758 - Time taken for ONGC: 0.8685858249664307 seconds
2024-07-17 07:50:34,758 - Data processing for ONGC completed successfully
2024-07-17 07:50:35,361 - Time taken for PAGEIND: 0.6020529270172119 seconds
2024-07-17 07:50:35,361 - Data processing for PAGEIND completed successfully
2024-07-17 07:50:36,012 - Time taken for PATANJALI: 0.6501133441925049 seconds
2024-07-17 07:50:36,012 - Data processing for PATANJALI completed successfully
2024-07-17 07:50:36,630 - Time taken for HEROMOTOCO: 0.617779016494751 seconds
2024-07-17 07:50:36,630 - Data processing for HEROMOTOCO completed successfully
2024-07-17 07:50:37,298 - Time taken for HINDALCO: 0.6679511070251465 seconds
2024-07-17 07:50:37,298 - Data processing for HINDALCO completed successfully
2024-07-17 07:50:37,966 - Time taken for HINDPETRO: 0.6682982444763184 seconds
2024-07-17 07:50:37,966 - Data processing for HINDPETRO completed successfully
2024-07-17 07:50:38,617 - Time taken for HINDUNILVR: 0.6497673988342285 seconds
2024-07-17 07:50:38,617 - Data processing for HINDUNILVR completed successfully
2024-07-17 07:50:39,208 - Time taken for ICICIBANK: 0.5902278423309326 seconds
2024-07-17 07:50:39,208 - Data processing for ICICIBANK completed successfully
2024-07-17 07:50:40,109 - Time taken for ICICIGI: 0.900975227355957 seconds
2024-07-17 07:50:40,109 - Data processing for ICICIGI completed successfully
2024-07-17 07:50:40,685 - Time taken for ICICIPRULI: 0.5749168395996094 seconds
2024-07-17 07:50:40,687 - Data processing for ICICIPRULI completed successfully
2024-07-17 07:50:41,368 - Time taken for IDFCFIRSTB: 0.6811342239379883 seconds
2024-07-17 07:50:41,368 - Data processing for IDFCFIRSTB completed successfully
2024-07-17 07:50:42,014 - Time taken for IGL: 0.6457479000091553 seconds
2024-07-17 07:50:42,014 - Data processing for IGL completed successfully
2024-07-17 07:50:42,655 - Time taken for INDHOTEL: 0.640150785446167 seconds
2024-07-17 07:50:42,655 - Data processing for INDHOTEL completed successfully
2024-07-17 07:50:43,256 - Time taken for INDIGO: 0.6008803844451904 seconds
2024-07-17 07:50:43,256 - Data processing for INDIGO completed successfully
2024-07-17 07:50:43,938 - Time taken for INDUSINDBK: 0.6814193725585938 seconds
2024-07-17 07:50:43,938 - Data processing for INDUSINDBK completed successfully
2024-07-17 07:50:44,570 - Time taken for APOLLOHOSP: 0.6322188377380371 seconds
2024-07-17 07:50:44,570 - Data processing for APOLLOHOSP completed successfully
2024-07-17 07:50:45,244 - Time taken for APOLLOTYRE: 0.672607421875 seconds
2024-07-17 07:50:45,244 - Data processing for APOLLOTYRE completed successfully
2024-07-17 07:50:45,866 - Time taken for ASIANPAINT: 0.6209554672241211 seconds
2024-07-17 07:50:45,866 - Data processing for ASIANPAINT completed successfully
2024-07-17 07:50:46,433 - Time taken for LODHA: 0.5665044784545898 seconds
2024-07-17 07:50:46,433 - Data processing for LODHA completed successfully
2024-07-17 07:50:47,016 - Time taken for LT: 0.5828132629394531 seconds
2024-07-17 07:50:47,016 - Data processing for LT completed successfully
2024-07-17 07:50:47,614 - Time taken for ASTRAL: 0.5973448753356934 seconds
2024-07-17 07:50:47,614 - Data processing for ASTRAL completed successfully
2024-07-17 07:50:48,213 - Time taken for AUBANK: 0.5989181995391846 seconds
2024-07-17 07:50:48,213 - Data processing for AUBANK completed successfully
2024-07-17 07:50:48,861 - Time taken for AUROPHARMA: 0.6479732990264893 seconds
2024-07-17 07:50:48,861 - Data processing for AUROPHARMA completed successfully
2024-07-17 07:50:49,404 - Time taken for ABCAPITAL: 0.5420520305633545 seconds
2024-07-17 07:50:49,404 - Data processing for ABCAPITAL completed successfully
2024-07-17 07:50:50,194 - Time taken for ACC: 0.7899868488311768 seconds
2024-07-17 07:50:50,195 - Data processing for ACC completed successfully
2024-07-17 07:50:50,800 - Time taken for ACL: 0.603421688079834 seconds
2024-07-17 07:50:50,800 - Data processing for ACL completed successfully
2024-07-17 07:50:51,413 - Time taken for ADANIENT: 0.6131191253662109 seconds
2024-07-17 07:50:51,413 - Data processing for ADANIENT completed successfully
2024-07-17 07:50:52,100 - Time taken for ADANIPORTS: 0.6875593662261963 seconds
2024-07-17 07:50:52,100 - Data processing for ADANIPORTS completed successfully
2024-07-17 07:50:52,678 - Time taken for ADANIPOWER: 0.5775337219238281 seconds
2024-07-17 07:50:52,678 - Data processing for ADANIPOWER completed successfully
2024-07-17 07:50:53,270 - Time taken for ALKEM: 0.5919718742370605 seconds
2024-07-17 07:50:53,270 - Data processing for ALKEM completed successfully
2024-07-17 07:50:53,879 - Time taken for BAJAJ-AUTO: 0.6087250709533691 seconds
2024-07-17 07:50:53,879 - Data processing for BAJAJ-AUTO completed successfully
2024-07-17 07:50:54,484 - Time taken for BAJAJFINSV: 0.6047132015228271 seconds
2024-07-17 07:50:54,486 - Data processing for BAJAJFINSV completed successfully
2024-07-17 07:50:55,106 - Time taken for BAJFINANCE: 0.6199922561645508 seconds
2024-07-17 07:50:55,106 - Data processing for BAJFINANCE completed successfully
2024-07-17 07:50:55,737 - Time taken for BIOCON: 0.6312036514282227 seconds
2024-07-17 07:50:55,737 - Data processing for BIOCON completed successfully
2024-07-17 07:50:56,383 - Time taken for BOSCHLTD: 0.6441977024078369 seconds
2024-07-17 07:50:56,383 - Data processing for BOSCHLTD completed successfully
2024-07-17 07:50:57,008 - Time taken for BPCL: 0.623124361038208 seconds
2024-07-17 07:50:57,008 - Data processing for BPCL completed successfully
2024-07-17 07:50:57,659 - Time taken for BRITANNIA: 0.6509652137756348 seconds
2024-07-17 07:50:57,659 - Data processing for BRITANNIA completed successfully
2024-07-17 07:50:58,271 - Time taken for CANBK: 0.6125869750976562 seconds
2024-07-17 07:50:58,271 - Data processing for CANBK completed successfully
2024-07-17 07:50:59,017 - Time taken for CGPOWER: 0.7447247505187988 seconds
2024-07-17 07:50:59,017 - Data processing for CGPOWER completed successfully
2024-07-17 07:50:59,654 - Time taken for CHOLAFIN: 0.6358132362365723 seconds
2024-07-17 07:50:59,654 - Data processing for CHOLAFIN completed successfully
2024-07-17 07:51:00,258 - Time taken for CIPLA: 0.6028025150299072 seconds
2024-07-17 07:51:00,259 - Data processing for CIPLA completed successfully
2024-07-17 07:51:00,889 - Time taken for COALINDIA: 0.6295173168182373 seconds
2024-07-17 07:51:00,889 - Data processing for COALINDIA completed successfully
2024-07-17 07:51:01,495 - Time taken for COFORGE: 0.6066653728485107 seconds
2024-07-17 07:51:01,495 - Data processing for COFORGE completed successfully
2024-07-17 07:51:02,112 - Time taken for COLPAL: 0.6169729232788086 seconds
2024-07-17 07:51:02,112 - Data processing for COLPAL completed successfully
2024-07-17 07:51:02,710 - Time taken for LTIM: 0.5973169803619385 seconds
2024-07-17 07:51:02,710 - Data processing for LTIM completed successfully
2024-07-17 07:51:03,339 - Time taken for LTTS: 0.6268265247344971 seconds
2024-07-17 07:51:03,339 - Data processing for LTTS completed successfully
2024-07-17 07:51:04,068 - Time taken for LUPIN: 0.7293877601623535 seconds
2024-07-17 07:51:04,068 - Data processing for LUPIN completed successfully
2024-07-17 07:51:04,677 - Time taken for M&M: 0.6083672046661377 seconds
2024-07-17 07:51:04,677 - Data processing for M&M completed successfully
2024-07-17 07:51:05,319 - Time taken for ^NSEI: 0.6419479846954346 seconds
2024-07-17 07:51:05,319 - Data processing for ^NSEI completed successfully
2024-07-17 07:51:06,028 - Time taken for ^NSEBANK: 0.709197998046875 seconds
2024-07-17 07:51:06,028 - Data processing for ^NSEBANK completed successfully
2024-07-17 07:51:06,714 - Time taken for ZYDUSLIFE: 0.6843247413635254 seconds
2024-07-17 07:51:06,714 - Data processing for ZYDUSLIFE completed successfully
2024-07-17 07:51:07,404 - Time taken for HDFCBANK: 0.6890575885772705 seconds
2024-07-17 07:51:07,404 - Data processing for HDFCBANK completed successfully
2024-07-17 07:51:08,069 - Time taken for AXISBANK: 0.6632997989654541 seconds
2024-07-17 07:51:08,069 - Data processing for AXISBANK completed successfully
2024-07-17 07:51:08,694 - Time taken for PRESTIGE: 0.6241652965545654 seconds
2024-07-17 07:51:08,694 - Data processing for PRESTIGE completed successfully
2024-07-17 07:51:09,318 - Time taken for SBICARD: 0.623729944229126 seconds
2024-07-17 07:51:09,318 - Data processing for SBICARD completed successfully
2024-07-17 07:51:09,941 - Time taken for SBILIFE: 0.6221883296966553 seconds
2024-07-17 07:51:09,941 - Data processing for SBILIFE completed successfully
2024-07-17 07:51:10,532 - Time taken for SBIN: 0.5903806686401367 seconds
2024-07-17 07:51:10,532 - Data processing for SBIN completed successfully
2024-07-17 07:51:11,181 - Time taken for SHREECEM: 0.6490321159362793 seconds
2024-07-17 07:51:11,182 - Data processing for SHREECEM completed successfully
2024-07-17 07:51:11,799 - Time taken for MUTHOOTFIN: 0.6163082122802734 seconds
2024-07-17 07:51:11,799 - Data processing for MUTHOOTFIN completed successfully
2024-07-17 07:51:12,471 - Time taken for TITAN: 0.6717393398284912 seconds
2024-07-17 07:51:12,471 - Data processing for TITAN completed successfully
2024-07-17 07:51:13,121 - Time taken for TORNTPHARM: 0.6493113040924072 seconds
2024-07-17 07:51:13,121 - Data processing for TORNTPHARM completed successfully
2024-07-17 07:51:13,851 - Time taken for ABB: 0.7296347618103027 seconds
2024-07-17 07:51:13,851 - Data processing for ABB completed successfully
2024-07-17 07:51:14,468 - Time taken for INDUSTOWER: 0.617279052734375 seconds
2024-07-17 07:51:14,468 - Data processing for INDUSTOWER completed successfully
2024-07-17 07:51:15,102 - Time taken for VOLTAS: 0.6332931518554688 seconds
2024-07-17 07:51:15,102 - Data processing for VOLTAS completed successfully
2024-07-17 07:51:15,689 - Time taken for BHARTIARTL: 0.5864260196685791 seconds
2024-07-17 07:51:15,689 - Data processing for BHARTIARTL completed successfully
2024-07-17 07:51:16,420 - Time taken for BHEL: 0.7304155826568604 seconds
2024-07-17 07:51:16,420 - Data processing for BHEL completed successfully
2024-07-17 07:51:17,076 - Time taken for PNB: 0.6552467346191406 seconds
2024-07-17 07:51:17,076 - Data processing for PNB completed successfully
2024-07-17 07:51:17,674 - Time taken for POLICYBZR: 0.5980033874511719 seconds
2024-07-17 07:51:17,674 - Data processing for POLICYBZR completed successfully
2024-07-17 07:51:18,268 - Time taken for ABFRL: 0.5940384864807129 seconds
2024-07-17 07:51:18,268 - Data processing for ABFRL completed successfully
2024-07-17 07:51:18,881 - Time taken for POLYCAB: 0.6125035285949707 seconds
2024-07-17 07:51:18,881 - Data processing for POLYCAB completed successfully
2024-07-17 07:51:19,503 - Time taken for SHRIRAMFIN: 0.6215794086456299 seconds
2024-07-17 07:51:19,503 - Data processing for SHRIRAMFIN completed successfully
2024-07-17 07:51:20,113 - Time taken for SIEMENS: 0.6094651222229004 seconds
2024-07-17 07:51:20,114 - Data processing for SIEMENS completed successfully
2024-07-17 07:51:20,708 - Time taken for SONACOMS: 0.593904972076416 seconds
2024-07-17 07:51:20,708 - Data processing for SONACOMS completed successfully
2024-07-17 07:51:21,490 - Time taken for SRF: 0.7810773849487305 seconds
2024-07-17 07:51:21,490 - Data processing for SRF completed successfully
2024-07-17 07:51:22,113 - Time taken for SUNPHARMA: 0.6222589015960693 seconds
2024-07-17 07:51:22,113 - Data processing for SUNPHARMA completed successfully
2024-07-17 07:51:22,680 - Time taken for SUNTV: 0.5657253265380859 seconds
2024-07-17 07:51:22,680 - Data processing for SUNTV completed successfully
2024-07-17 07:51:23,296 - Time taken for SYNGENE: 0.6142823696136475 seconds
2024-07-17 07:51:23,296 - Data processing for SYNGENE completed successfully
2024-07-17 07:51:23,904 - Time taken for TATACHEM: 0.6082110404968262 seconds
2024-07-17 07:51:23,904 - Data processing for TATACHEM completed successfully
2024-07-17 07:51:24,553 - Time taken for TATACOMM: 0.6475274562835693 seconds
2024-07-17 07:51:24,553 - Data processing for TATACOMM completed successfully
2024-07-17 07:51:25,113 - Time taken for LATENTVIEW: 0.5605795383453369 seconds
2024-07-17 07:51:25,113 - Data processing for LATENTVIEW completed successfully
2024-07-17 07:51:25,114 - Overall time taken: 119.34075260162354 seconds
2024-07-17 07:51:25,114 - Data processing for all tables completed successfully
