2024-07-15 16:05:55,057 - 

DATABASE : Demo

2024-07-15 16:05:55,104 - Error occurred while processing table: AARTIIND_15m
2024-07-15 16:05:55,104 - Error message: '1d_Open'
2024-07-15 16:05:55,120 - Error occurred while processing table: AARTIIND_1h
2024-07-15 16:05:55,120 - Error message: '1d_Open'
2024-07-15 16:05:55,151 - Error occurred while processing table: AARTIIND_1d
2024-07-15 16:05:55,151 - Error message: '1d_Open'
2024-07-15 16:05:55,189 - Error occurred while processing table: ABB_15m
2024-07-15 16:05:55,189 - Error message: '1d_Open'
2024-07-15 16:05:55,209 - Error occurred while processing table: ABB_1h
2024-07-15 16:05:55,209 - Error message: '1d_Open'
2024-07-15 16:05:55,233 - Error occurred while processing table: ABB_1d
2024-07-15 16:05:55,233 - Error message: '1d_Open'
2024-07-15 16:05:56,531 - Time taken for LAURUSLABS: 1.2951006889343262 seconds
2024-07-15 16:05:56,531 - Data processing for LAURUSLABS completed successfully
2024-07-15 16:05:57,179 - Time taken for LICHSGFIN: 0.6478595733642578 seconds
2024-07-15 16:05:57,179 - Data processing for LICHSGFIN completed successfully
2024-07-15 16:05:57,869 - Time taken for LICI: 0.6901035308837891 seconds
2024-07-15 16:05:57,869 - Data processing for LICI completed successfully
2024-07-15 16:05:58,528 - Time taken for HCLTECH: 0.6597931385040283 seconds
2024-07-15 16:05:58,528 - Data processing for HCLTECH completed successfully
2024-07-15 16:05:59,278 - Time taken for HDFCAMC: 0.7499923706054688 seconds
2024-07-15 16:05:59,278 - Data processing for HDFCAMC completed successfully
2024-07-15 16:05:59,896 - Time taken for HDFCLIFE: 0.6177637577056885 seconds
2024-07-15 16:05:59,896 - Data processing for HDFCLIFE completed successfully
2024-07-15 16:06:00,509 - Time taken for IRFC: 0.6120431423187256 seconds
2024-07-15 16:06:00,509 - Data processing for IRFC completed successfully
2024-07-15 16:06:01,125 - Time taken for UBL: 0.6162154674530029 seconds
2024-07-15 16:06:01,125 - Data processing for UBL completed successfully
2024-07-15 16:06:01,764 - Time taken for ULTRACEMCO: 0.6388571262359619 seconds
2024-07-15 16:06:01,764 - Data processing for ULTRACEMCO completed successfully
2024-07-15 16:06:02,376 - Time taken for UNIONBANK: 0.6119632720947266 seconds
2024-07-15 16:06:02,376 - Data processing for UNIONBANK completed successfully
2024-07-15 16:06:03,076 - Time taken for UPL: 0.6838734149932861 seconds
2024-07-15 16:06:03,076 - Data processing for UPL completed successfully
2024-07-15 16:06:03,697 - Time taken for VBL: 0.6213314533233643 seconds
2024-07-15 16:06:03,697 - Data processing for VBL completed successfully
2024-07-15 16:06:04,332 - Time taken for VEDL: 0.6346027851104736 seconds
2024-07-15 16:06:04,332 - Data processing for VEDL completed successfully
2024-07-15 16:06:04,967 - Time taken for GODREJCP: 0.6349985599517822 seconds
2024-07-15 16:06:04,967 - Data processing for GODREJCP completed successfully
2024-07-15 16:06:05,654 - Time taken for WIPRO: 0.6877396106719971 seconds
2024-07-15 16:06:05,654 - Data processing for WIPRO completed successfully
2024-07-15 16:06:06,256 - Time taken for PEL: 0.6012568473815918 seconds
2024-07-15 16:06:06,256 - Data processing for PEL completed successfully
2024-07-15 16:06:06,868 - Time taken for TRENT: 0.6124186515808105 seconds
2024-07-15 16:06:06,868 - Data processing for TRENT completed successfully
2024-07-15 16:06:07,458 - Time taken for TVSMOTOR: 0.5896260738372803 seconds
2024-07-15 16:06:07,458 - Data processing for TVSMOTOR completed successfully
2024-07-15 16:06:08,180 - Time taken for AARTIIND: 0.722313404083252 seconds
2024-07-15 16:06:08,180 - Data processing for AARTIIND completed successfully
2024-07-15 16:06:08,802 - Time taken for PERSISTENT: 0.621917724609375 seconds
2024-07-15 16:06:08,802 - Data processing for PERSISTENT completed successfully
2024-07-15 16:06:09,481 - Time taken for PETRONET: 0.6790618896484375 seconds
2024-07-15 16:06:09,481 - Data processing for PETRONET completed successfully
2024-07-15 16:06:10,224 - Time taken for PFC: 0.7430641651153564 seconds
2024-07-15 16:06:10,224 - Data processing for PFC completed successfully
2024-07-15 16:06:10,823 - Time taken for PGHH: 0.5991647243499756 seconds
2024-07-15 16:06:10,823 - Data processing for PGHH completed successfully
2024-07-15 16:06:11,463 - Time taken for PIDILITIND: 0.6399359703063965 seconds
2024-07-15 16:06:11,463 - Data processing for PIDILITIND completed successfully
2024-07-15 16:06:12,022 - Time taken for PIIND: 0.5587747097015381 seconds
2024-07-15 16:06:12,022 - Data processing for PIIND completed successfully
2024-07-15 16:06:12,622 - Time taken for TCS: 0.6003553867340088 seconds
2024-07-15 16:06:12,622 - Data processing for TCS completed successfully
2024-07-15 16:06:13,222 - Time taken for TECHM: 0.5991950035095215 seconds
2024-07-15 16:06:13,222 - Data processing for TECHM completed successfully
2024-07-15 16:06:13,811 - Time taken for TIINDIA: 0.5892515182495117 seconds
2024-07-15 16:06:13,811 - Data processing for TIINDIA completed successfully
2024-07-15 16:06:14,603 - Time taken for NAVINFLUOR: 0.7926220893859863 seconds
2024-07-15 16:06:14,603 - Data processing for NAVINFLUOR completed successfully
2024-07-15 16:06:15,246 - Time taken for NESTLEIND: 0.6428773403167725 seconds
2024-07-15 16:06:15,246 - Data processing for NESTLEIND completed successfully
2024-07-15 16:06:15,889 - Time taken for NHPC: 0.6425683498382568 seconds
2024-07-15 16:06:15,889 - Data processing for NHPC completed successfully
2024-07-15 16:06:16,518 - Time taken for NMDC: 0.6288430690765381 seconds
2024-07-15 16:06:16,518 - Data processing for NMDC completed successfully
2024-07-15 16:06:17,178 - Time taken for NTPC: 0.6451015472412109 seconds
2024-07-15 16:06:17,178 - Data processing for NTPC completed successfully
2024-07-15 16:06:17,821 - Time taken for NYKAA: 0.6425209045410156 seconds
2024-07-15 16:06:17,821 - Data processing for NYKAA completed successfully
2024-07-15 16:06:18,425 - Time taken for OBEROIRLTY: 0.6042075157165527 seconds
2024-07-15 16:06:18,425 - Data processing for OBEROIRLTY completed successfully
2024-07-15 16:06:19,110 - Time taken for OIL: 0.6697273254394531 seconds
2024-07-15 16:06:19,110 - Data processing for OIL completed successfully
2024-07-15 16:06:19,716 - Time taken for ONGC: 0.6055688858032227 seconds
2024-07-15 16:06:19,716 - Data processing for ONGC completed successfully
2024-07-15 16:06:20,337 - Time taken for PAGEIND: 0.620537519454956 seconds
2024-07-15 16:06:20,337 - Data processing for PAGEIND completed successfully
2024-07-15 16:06:20,970 - Time taken for PATANJALI: 0.6336884498596191 seconds
2024-07-15 16:06:20,970 - Data processing for PATANJALI completed successfully
2024-07-15 16:06:21,613 - Time taken for HEROMOTOCO: 0.6429810523986816 seconds
2024-07-15 16:06:21,613 - Data processing for HEROMOTOCO completed successfully
2024-07-15 16:06:22,319 - Time taken for HINDALCO: 0.7060182094573975 seconds
2024-07-15 16:06:22,319 - Data processing for HINDALCO completed successfully
2024-07-15 16:06:22,935 - Time taken for HINDPETRO: 0.6155402660369873 seconds
2024-07-15 16:06:22,935 - Data processing for HINDPETRO completed successfully
2024-07-15 16:06:23,570 - Time taken for HINDUNILVR: 0.6354851722717285 seconds
2024-07-15 16:06:23,570 - Data processing for HINDUNILVR completed successfully
2024-07-15 16:06:24,188 - Time taken for ICICIBANK: 0.6181337833404541 seconds
2024-07-15 16:06:24,188 - Data processing for ICICIBANK completed successfully
2024-07-15 16:06:24,799 - Time taken for ICICIGI: 0.6101641654968262 seconds
2024-07-15 16:06:24,799 - Data processing for ICICIGI completed successfully
2024-07-15 16:06:25,393 - Time taken for ICICIPRULI: 0.5783646106719971 seconds
2024-07-15 16:06:25,393 - Data processing for ICICIPRULI completed successfully
2024-07-15 16:06:26,047 - Time taken for IDFCFIRSTB: 0.6542220115661621 seconds
2024-07-15 16:06:26,047 - Data processing for IDFCFIRSTB completed successfully
2024-07-15 16:06:26,686 - Time taken for IGL: 0.639258623123169 seconds
2024-07-15 16:06:26,686 - Data processing for IGL completed successfully
2024-07-15 16:06:27,338 - Time taken for INDHOTEL: 0.6522037982940674 seconds
2024-07-15 16:06:27,338 - Data processing for INDHOTEL completed successfully
2024-07-15 16:06:27,920 - Time taken for INDIGO: 0.5819416046142578 seconds
2024-07-15 16:06:27,920 - Data processing for INDIGO completed successfully
2024-07-15 16:06:28,654 - Time taken for INDUSINDBK: 0.7340524196624756 seconds
2024-07-15 16:06:28,654 - Data processing for INDUSINDBK completed successfully
2024-07-15 16:06:29,389 - Time taken for APOLLOHOSP: 0.734410285949707 seconds
2024-07-15 16:06:29,389 - Data processing for APOLLOHOSP completed successfully
2024-07-15 16:06:29,967 - Time taken for APOLLOTYRE: 0.578322172164917 seconds
2024-07-15 16:06:29,967 - Data processing for APOLLOTYRE completed successfully
2024-07-15 16:06:30,655 - Time taken for ASIANPAINT: 0.6874802112579346 seconds
2024-07-15 16:06:30,655 - Data processing for ASIANPAINT completed successfully
2024-07-15 16:06:30,670 - Error occurred while processing table: django_migrations
2024-07-15 16:06:30,670 - Error message: '1d_Open'
2024-07-15 16:06:31,322 - Time taken for LODHA: 0.6514244079589844 seconds
2024-07-15 16:06:31,322 - Data processing for LODHA completed successfully
2024-07-15 16:06:31,344 - Error occurred while processing table: django_content_type
2024-07-15 16:06:31,344 - Error message: '1d_Open'
2024-07-15 16:06:31,374 - Error occurred while processing table: auth_permission
2024-07-15 16:06:31,374 - Error message: '1d_Open'
2024-07-15 16:06:31,403 - Error occurred while processing table: auth_group
2024-07-15 16:06:31,403 - Error message: '1d_Open'
2024-07-15 16:06:31,472 - Error occurred while processing table: auth_group_permissions
2024-07-15 16:06:31,472 - Error message: '1d_Open'
2024-07-15 16:06:32,132 - Time taken for LT: 0.6603372097015381 seconds
2024-07-15 16:06:32,132 - Data processing for LT completed successfully
2024-07-15 16:06:32,176 - Error occurred while processing table: accounts_user
2024-07-15 16:06:32,176 - Error message: '1d_Open'
2024-07-15 16:06:32,222 - Error occurred while processing table: accounts_user_groups
2024-07-15 16:06:32,222 - Error message: '1d_Open'
2024-07-15 16:06:32,271 - Error occurred while processing table: accounts_user_user_permissions
2024-07-15 16:06:32,271 - Error message: '1d_Open'
2024-07-15 16:06:33,032 - Time taken for ASTRAL: 0.7594635486602783 seconds
2024-07-15 16:06:33,032 - Data processing for ASTRAL completed successfully
2024-07-15 16:06:33,063 - Error occurred while processing table: accounts_strategy
2024-07-15 16:06:33,063 - Error message: '1d_Open'
2024-07-15 16:06:33,091 - Error occurred while processing table: accounts_tickersymbol
2024-07-15 16:06:33,091 - Error message: '1d_Open'
2024-07-15 16:06:33,699 - Time taken for AUBANK: 0.6075577735900879 seconds
2024-07-15 16:06:33,699 - Data processing for AUBANK completed successfully
2024-07-15 16:06:33,746 - Error occurred while processing table: django_admin_log
2024-07-15 16:06:33,746 - Error message: '1d_Open'
2024-07-15 16:06:33,775 - Error occurred while processing table: authtoken_token
2024-07-15 16:06:33,775 - Error message: '1d_Open'
2024-07-15 16:06:33,795 - Error occurred while processing table: django_session
2024-07-15 16:06:33,795 - Error message: '1d_Open'
2024-07-15 16:06:34,424 - Time taken for AUROPHARMA: 0.6275222301483154 seconds
2024-07-15 16:06:34,424 - Data processing for AUROPHARMA completed successfully
2024-07-15 16:06:35,040 - Time taken for ABCAPITAL: 0.615908145904541 seconds
2024-07-15 16:06:35,040 - Data processing for ABCAPITAL completed successfully
2024-07-15 16:06:35,651 - Time taken for ACC: 0.6115660667419434 seconds
2024-07-15 16:06:35,651 - Data processing for ACC completed successfully
2024-07-15 16:06:36,303 - Time taken for ACL: 0.6514122486114502 seconds
2024-07-15 16:06:36,303 - Data processing for ACL completed successfully
2024-07-15 16:06:37,083 - Time taken for ADANIENT: 0.780026912689209 seconds
2024-07-15 16:06:37,083 - Data processing for ADANIENT completed successfully
2024-07-15 16:06:37,814 - Time taken for ADANIPORTS: 0.7314722537994385 seconds
2024-07-15 16:06:37,814 - Data processing for ADANIPORTS completed successfully
2024-07-15 16:06:38,405 - Time taken for ADANIPOWER: 0.5904421806335449 seconds
2024-07-15 16:06:38,405 - Data processing for ADANIPOWER completed successfully
2024-07-15 16:06:38,977 - Time taken for ALKEM: 0.5725219249725342 seconds
2024-07-15 16:06:38,977 - Data processing for ALKEM completed successfully
2024-07-15 16:06:39,551 - Time taken for BAJAJ-AUTO: 0.5741724967956543 seconds
2024-07-15 16:06:39,551 - Data processing for BAJAJ-AUTO completed successfully
2024-07-15 16:06:40,178 - Time taken for BAJAJFINSV: 0.6269481182098389 seconds
2024-07-15 16:06:40,178 - Data processing for BAJAJFINSV completed successfully
2024-07-15 16:06:40,796 - Time taken for BAJFINANCE: 0.6173174381256104 seconds
2024-07-15 16:06:40,796 - Data processing for BAJFINANCE completed successfully
2024-07-15 16:06:41,435 - Time taken for BIOCON: 0.6394894123077393 seconds
2024-07-15 16:06:41,435 - Data processing for BIOCON completed successfully
2024-07-15 16:06:42,027 - Time taken for BOSCHLTD: 0.5922939777374268 seconds
2024-07-15 16:06:42,027 - Data processing for BOSCHLTD completed successfully
2024-07-15 16:06:42,693 - Time taken for BPCL: 0.6660137176513672 seconds
2024-07-15 16:06:42,693 - Data processing for BPCL completed successfully
2024-07-15 16:06:43,382 - Time taken for BRITANNIA: 0.688215970993042 seconds
2024-07-15 16:06:43,382 - Data processing for BRITANNIA completed successfully
2024-07-15 16:06:44,064 - Time taken for CANBK: 0.6812474727630615 seconds
2024-07-15 16:06:44,064 - Data processing for CANBK completed successfully
2024-07-15 16:06:44,712 - Time taken for CGPOWER: 0.6482329368591309 seconds
2024-07-15 16:06:44,712 - Data processing for CGPOWER completed successfully
2024-07-15 16:06:45,352 - Time taken for CHOLAFIN: 0.6398615837097168 seconds
2024-07-15 16:06:45,352 - Data processing for CHOLAFIN completed successfully
2024-07-15 16:06:45,978 - Time taken for CIPLA: 0.625924825668335 seconds
2024-07-15 16:06:45,978 - Data processing for CIPLA completed successfully
2024-07-15 16:06:46,613 - Time taken for COALINDIA: 0.6196699142456055 seconds
2024-07-15 16:06:46,613 - Data processing for COALINDIA completed successfully
2024-07-15 16:06:47,208 - Time taken for COFORGE: 0.5953330993652344 seconds
2024-07-15 16:06:47,208 - Data processing for COFORGE completed successfully
2024-07-15 16:06:47,829 - Time taken for COLPAL: 0.6212177276611328 seconds
2024-07-15 16:06:47,829 - Data processing for COLPAL completed successfully
2024-07-15 16:06:48,436 - Time taken for LTIM: 0.6069185733795166 seconds
2024-07-15 16:06:48,436 - Data processing for LTIM completed successfully
2024-07-15 16:06:49,066 - Time taken for LTTS: 0.6298611164093018 seconds
2024-07-15 16:06:49,066 - Data processing for LTTS completed successfully
2024-07-15 16:06:49,681 - Time taken for LUPIN: 0.6145598888397217 seconds
2024-07-15 16:06:49,681 - Data processing for LUPIN completed successfully
2024-07-15 16:06:50,296 - Time taken for M&M: 0.6151382923126221 seconds
2024-07-15 16:06:50,296 - Data processing for M&M completed successfully
2024-07-15 16:06:50,946 - Time taken for ^NSEI: 0.6502623558044434 seconds
2024-07-15 16:06:50,946 - Data processing for ^NSEI completed successfully
2024-07-15 16:06:51,668 - Time taken for ^NSEBANK: 0.7214179039001465 seconds
2024-07-15 16:06:51,668 - Data processing for ^NSEBANK completed successfully
2024-07-15 16:06:52,530 - Time taken for ZYDUSLIFE: 0.8625140190124512 seconds
2024-07-15 16:06:52,530 - Data processing for ZYDUSLIFE completed successfully
2024-07-15 16:06:53,234 - Time taken for HDFCBANK: 0.7038824558258057 seconds
2024-07-15 16:06:53,234 - Data processing for HDFCBANK completed successfully
2024-07-15 16:06:54,112 - Time taken for AXISBANK: 0.8775646686553955 seconds
2024-07-15 16:06:54,112 - Data processing for AXISBANK completed successfully
2024-07-15 16:06:54,924 - Time taken for PRESTIGE: 0.8123397827148438 seconds
2024-07-15 16:06:54,924 - Data processing for PRESTIGE completed successfully
2024-07-15 16:06:55,542 - Time taken for SBICARD: 0.6177189350128174 seconds
2024-07-15 16:06:55,542 - Data processing for SBICARD completed successfully
2024-07-15 16:06:56,180 - Time taken for SBILIFE: 0.6230645179748535 seconds
2024-07-15 16:06:56,180 - Data processing for SBILIFE completed successfully
2024-07-15 16:06:56,884 - Time taken for SBIN: 0.7035033702850342 seconds
2024-07-15 16:06:56,884 - Data processing for SBIN completed successfully
2024-07-15 16:06:57,550 - Time taken for SHREECEM: 0.650381326675415 seconds
2024-07-15 16:06:57,550 - Data processing for SHREECEM completed successfully
2024-07-15 16:06:58,261 - Time taken for MUTHOOTFIN: 0.710911750793457 seconds
2024-07-15 16:06:58,261 - Data processing for MUTHOOTFIN completed successfully
2024-07-15 16:06:58,932 - Time taken for TITAN: 0.6711094379425049 seconds
2024-07-15 16:06:58,932 - Data processing for TITAN completed successfully
2024-07-15 16:06:59,549 - Time taken for TORNTPHARM: 0.6170804500579834 seconds
2024-07-15 16:06:59,549 - Data processing for TORNTPHARM completed successfully
2024-07-15 16:07:00,220 - Time taken for ABB: 0.671454906463623 seconds
2024-07-15 16:07:00,220 - Data processing for ABB completed successfully
2024-07-15 16:07:00,822 - Time taken for INDUSTOWER: 0.6020777225494385 seconds
2024-07-15 16:07:00,822 - Data processing for INDUSTOWER completed successfully
2024-07-15 16:07:01,489 - Time taken for VOLTAS: 0.6660749912261963 seconds
2024-07-15 16:07:01,489 - Data processing for VOLTAS completed successfully
2024-07-15 16:07:02,105 - Time taken for BHARTIARTL: 0.616412878036499 seconds
2024-07-15 16:07:02,105 - Data processing for BHARTIARTL completed successfully
2024-07-15 16:07:02,797 - Time taken for BHEL: 0.6923677921295166 seconds
2024-07-15 16:07:02,797 - Data processing for BHEL completed successfully
2024-07-15 16:07:03,423 - Time taken for PNB: 0.625983715057373 seconds
2024-07-15 16:07:03,423 - Data processing for PNB completed successfully
2024-07-15 16:07:04,101 - Time taken for POLICYBZR: 0.6781766414642334 seconds
2024-07-15 16:07:04,101 - Data processing for POLICYBZR completed successfully
2024-07-15 16:07:04,757 - Time taken for ABFRL: 0.6552200317382812 seconds
2024-07-15 16:07:04,757 - Data processing for ABFRL completed successfully
2024-07-15 16:07:05,405 - Time taken for POLYCAB: 0.6487686634063721 seconds
2024-07-15 16:07:05,405 - Data processing for POLYCAB completed successfully
2024-07-15 16:07:06,120 - Time taken for SHRIRAMFIN: 0.7142434120178223 seconds
2024-07-15 16:07:06,120 - Data processing for SHRIRAMFIN completed successfully
2024-07-15 16:07:06,806 - Time taken for SIEMENS: 0.6708440780639648 seconds
2024-07-15 16:07:06,806 - Data processing for SIEMENS completed successfully
2024-07-15 16:07:07,439 - Time taken for SONACOMS: 0.6331627368927002 seconds
2024-07-15 16:07:07,439 - Data processing for SONACOMS completed successfully
2024-07-15 16:07:08,050 - Time taken for SRF: 0.6104869842529297 seconds
2024-07-15 16:07:08,050 - Data processing for SRF completed successfully
2024-07-15 16:07:08,670 - Time taken for SUNPHARMA: 0.6198499202728271 seconds
2024-07-15 16:07:08,670 - Data processing for SUNPHARMA completed successfully
2024-07-15 16:07:09,384 - Time taken for SUNTV: 0.7143712043762207 seconds
2024-07-15 16:07:09,384 - Data processing for SUNTV completed successfully
2024-07-15 16:07:10,017 - Time taken for SYNGENE: 0.633415937423706 seconds
2024-07-15 16:07:10,017 - Data processing for SYNGENE completed successfully
2024-07-15 16:07:10,642 - Time taken for TATACHEM: 0.6248924732208252 seconds
2024-07-15 16:07:10,642 - Data processing for TATACHEM completed successfully
2024-07-15 16:07:11,378 - Time taken for TATACOMM: 0.735706090927124 seconds
2024-07-15 16:07:11,378 - Data processing for TATACOMM completed successfully
2024-07-15 16:07:11,987 - Time taken for TATACONSUM: 0.6087331771850586 seconds
2024-07-15 16:07:11,987 - Data processing for TATACONSUM completed successfully
2024-07-15 16:07:12,725 - Time taken for TATAELXSI: 0.737830638885498 seconds
2024-07-15 16:07:12,725 - Data processing for TATAELXSI completed successfully
2024-07-15 16:07:13,453 - Time taken for TATAMOTORS: 0.7287616729736328 seconds
2024-07-15 16:07:13,453 - Data processing for TATAMOTORS completed successfully
2024-07-15 16:07:14,172 - Time taken for TATAMTRDVR: 0.7190260887145996 seconds
2024-07-15 16:07:14,172 - Data processing for TATAMTRDVR completed successfully
2024-07-15 16:07:14,809 - Time taken for ITC: 0.6361401081085205 seconds
2024-07-15 16:07:14,809 - Data processing for ITC completed successfully
2024-07-15 16:07:15,579 - Time taken for JINDALSTEL: 0.7708289623260498 seconds
2024-07-15 16:07:15,579 - Data processing for JINDALSTEL completed successfully
2024-07-15 16:07:16,239 - Time taken for RAMCOCEM: 0.659614086151123 seconds
2024-07-15 16:07:16,239 - Data processing for RAMCOCEM completed successfully
2024-07-15 16:07:16,856 - Time taken for RECLTD: 0.617424726486206 seconds
2024-07-15 16:07:16,856 - Data processing for RECLTD completed successfully
2024-07-15 16:07:17,543 - Time taken for INFY: 0.6861722469329834 seconds
2024-07-15 16:07:17,543 - Data processing for INFY completed successfully
2024-07-15 16:07:18,163 - Time taken for IOC: 0.6206555366516113 seconds
2024-07-15 16:07:18,163 - Data processing for IOC completed successfully
2024-07-15 16:07:18,864 - Time taken for TATAPOWER: 0.7009596824645996 seconds
2024-07-15 16:07:18,864 - Data processing for TATAPOWER completed successfully
2024-07-15 16:07:19,454 - Time taken for TATASTEEL: 0.590113639831543 seconds
2024-07-15 16:07:19,454 - Data processing for TATASTEEL completed successfully
2024-07-15 16:07:20,084 - Time taken for IPCALAB: 0.6293075084686279 seconds
2024-07-15 16:07:20,084 - Data processing for IPCALAB completed successfully
2024-07-15 16:07:20,792 - Time taken for IRCTC: 0.7084817886352539 seconds
2024-07-15 16:07:20,792 - Data processing for IRCTC completed successfully
2024-07-15 16:07:21,398 - Time taken for YESBANK: 0.6063661575317383 seconds
2024-07-15 16:07:21,398 - Data processing for YESBANK completed successfully
2024-07-15 16:07:22,012 - Time taken for BALKRISIND: 0.6137645244598389 seconds
2024-07-15 16:07:22,012 - Data processing for BALKRISIND completed successfully
2024-07-15 16:07:22,633 - Time taken for BANKBARODA: 0.6208667755126953 seconds
2024-07-15 16:07:22,633 - Data processing for BANKBARODA completed successfully
2024-07-15 16:07:23,209 - Time taken for BATAINDIA: 0.5761551856994629 seconds
2024-07-15 16:07:23,209 - Data processing for BATAINDIA completed successfully
2024-07-15 16:07:23,842 - Time taken for BDL: 0.6326415538787842 seconds
2024-07-15 16:07:23,842 - Data processing for BDL completed successfully
2024-07-15 16:07:24,599 - Time taken for BEL: 0.7573990821838379 seconds
2024-07-15 16:07:24,599 - Data processing for BEL completed successfully
2024-07-15 16:07:25,239 - Time taken for BERGEPAINT: 0.6394217014312744 seconds
2024-07-15 16:07:25,239 - Data processing for BERGEPAINT completed successfully
2024-07-15 16:07:25,922 - Time taken for BHARATFORG: 0.6830406188964844 seconds
2024-07-15 16:07:25,922 - Data processing for BHARATFORG completed successfully
2024-07-15 16:07:26,535 - Time taken for CONCOR: 0.6135749816894531 seconds
2024-07-15 16:07:26,535 - Data processing for CONCOR completed successfully
2024-07-15 16:07:27,114 - Time taken for COROMANDEL: 0.5791358947753906 seconds
2024-07-15 16:07:27,114 - Data processing for COROMANDEL completed successfully
2024-07-15 16:07:27,679 - Time taken for CROMPTON: 0.5641474723815918 seconds
2024-07-15 16:07:27,679 - Data processing for CROMPTON completed successfully
2024-07-15 16:07:28,293 - Time taken for CUMMINSIND: 0.6145458221435547 seconds
2024-07-15 16:07:28,293 - Data processing for CUMMINSIND completed successfully
2024-07-15 16:07:28,896 - Time taken for RELIANCE: 0.6029844284057617 seconds
2024-07-15 16:07:28,896 - Data processing for RELIANCE completed successfully
2024-07-15 16:07:29,592 - Time taken for SAIL: 0.6955087184906006 seconds
2024-07-15 16:07:29,592 - Data processing for SAIL completed successfully
2024-07-15 16:07:30,200 - Time taken for DALBHARAT: 0.6079180240631104 seconds
2024-07-15 16:07:30,200 - Data processing for DALBHARAT completed successfully
2024-07-15 16:07:30,831 - Time taken for DEEPAKNTR: 0.6315648555755615 seconds
2024-07-15 16:07:30,831 - Data processing for DEEPAKNTR completed successfully
2024-07-15 16:07:31,509 - Time taken for MSUMI: 0.6780266761779785 seconds
2024-07-15 16:07:31,509 - Data processing for MSUMI completed successfully
2024-07-15 16:07:32,119 - Time taken for POWERGRID: 0.6095037460327148 seconds
2024-07-15 16:07:32,119 - Data processing for POWERGRID completed successfully
2024-07-15 16:07:32,701 - Time taken for EPIGRAL: 0.5820865631103516 seconds
2024-07-15 16:07:32,701 - Data processing for EPIGRAL completed successfully
2024-07-15 16:07:33,282 - Time taken for ESCORTS: 0.581214189529419 seconds
2024-07-15 16:07:33,282 - Data processing for ESCORTS completed successfully
2024-07-15 16:07:33,867 - Time taken for FACT: 0.5844292640686035 seconds
2024-07-15 16:07:33,867 - Data processing for FACT completed successfully
2024-07-15 16:07:34,459 - Time taken for FLUOROCHEM: 0.5916826725006104 seconds
2024-07-15 16:07:34,459 - Data processing for FLUOROCHEM completed successfully
2024-07-15 16:07:35,072 - Time taken for GAIL: 0.6132912635803223 seconds
2024-07-15 16:07:35,072 - Data processing for GAIL completed successfully
2024-07-15 16:07:35,647 - Time taken for GLAND: 0.5751705169677734 seconds
2024-07-15 16:07:35,647 - Data processing for GLAND completed successfully
2024-07-15 16:07:36,242 - Time taken for DELHIVERY: 0.5951955318450928 seconds
2024-07-15 16:07:36,242 - Data processing for DELHIVERY completed successfully
2024-07-15 16:07:36,862 - Time taken for DIVISLAB: 0.6202325820922852 seconds
2024-07-15 16:07:36,862 - Data processing for DIVISLAB completed successfully
2024-07-15 16:07:37,440 - Time taken for DIXON: 0.5770423412322998 seconds
2024-07-15 16:07:37,440 - Data processing for DIXON completed successfully
2024-07-15 16:07:38,049 - Time taken for DLF: 0.6099467277526855 seconds
2024-07-15 16:07:38,049 - Data processing for DLF completed successfully
2024-07-15 16:07:38,686 - Time taken for DRREDDY: 0.636378288269043 seconds
2024-07-15 16:07:38,686 - Data processing for DRREDDY completed successfully
2024-07-15 16:07:39,283 - Time taken for EICHERMOT: 0.5973167419433594 seconds
2024-07-15 16:07:39,283 - Data processing for EICHERMOT completed successfully
2024-07-15 16:07:39,909 - Time taken for M&MFIN: 0.6260597705841064 seconds
2024-07-15 16:07:39,909 - Data processing for M&MFIN completed successfully
2024-07-15 16:07:40,452 - Time taken for MANKIND: 0.5427634716033936 seconds
2024-07-15 16:07:40,452 - Data processing for MANKIND completed successfully
2024-07-15 16:07:41,038 - Time taken for MARICO: 0.5856213569641113 seconds
2024-07-15 16:07:41,038 - Data processing for MARICO completed successfully
2024-07-15 16:07:41,662 - Time taken for MARUTI: 0.6248681545257568 seconds
2024-07-15 16:07:41,662 - Data processing for MARUTI completed successfully
2024-07-15 16:07:42,274 - Time taken for MAXHEALTH: 0.611138105392456 seconds
2024-07-15 16:07:42,274 - Data processing for MAXHEALTH completed successfully
2024-07-15 16:07:42,855 - Time taken for MAZDOCK: 0.5812418460845947 seconds
2024-07-15 16:07:42,855 - Data processing for MAZDOCK completed successfully
2024-07-15 16:07:43,376 - Time taken for MCDOWELL-N: 0.5215022563934326 seconds
2024-07-15 16:07:43,376 - Data processing for MCDOWELL-N completed successfully
2024-07-15 16:07:44,085 - Time taken for MFSL: 0.7075438499450684 seconds
2024-07-15 16:07:44,085 - Data processing for MFSL completed successfully
2024-07-15 16:07:44,708 - Time taken for MOTHERSON: 0.6231458187103271 seconds
2024-07-15 16:07:44,708 - Data processing for MOTHERSON completed successfully
2024-07-15 16:07:45,312 - Time taken for JSWENERGY: 0.6040177345275879 seconds
2024-07-15 16:07:45,312 - Data processing for JSWENERGY completed successfully
2024-07-15 16:07:45,915 - Time taken for JSWSTEEL: 0.6033177375793457 seconds
2024-07-15 16:07:45,915 - Data processing for JSWSTEEL completed successfully
2024-07-15 16:07:46,505 - Time taken for JUBLFOOD: 0.58988356590271 seconds
2024-07-15 16:07:46,505 - Data processing for JUBLFOOD completed successfully
2024-07-15 16:07:47,172 - Time taken for KOTAKBANK: 0.666741132736206 seconds
2024-07-15 16:07:47,172 - Data processing for KOTAKBANK completed successfully
2024-07-15 16:07:47,867 - Time taken for AMBUJACEM: 0.695267915725708 seconds
2024-07-15 16:07:47,867 - Data processing for AMBUJACEM completed successfully
2024-07-15 16:07:48,517 - Time taken for APLAPOLLO: 0.649554967880249 seconds
2024-07-15 16:07:48,517 - Data processing for APLAPOLLO completed successfully
2024-07-15 16:07:49,140 - Time taken for NAUKRI: 0.6227107048034668 seconds
2024-07-15 16:07:49,140 - Data processing for NAUKRI completed successfully
2024-07-15 16:07:49,730 - Time taken for MPHASIS: 0.590627908706665 seconds
2024-07-15 16:07:49,730 - Data processing for MPHASIS completed successfully
2024-07-15 16:07:50,336 - Time taken for GODREJPROP: 0.6053824424743652 seconds
2024-07-15 16:07:50,336 - Data processing for GODREJPROP completed successfully
2024-07-15 16:07:51,027 - Time taken for DABUR: 0.691237211227417 seconds
2024-07-15 16:07:51,027 - Data processing for DABUR completed successfully
2024-07-15 16:07:51,647 - Time taken for GRASIM: 0.6205554008483887 seconds
2024-07-15 16:07:51,647 - Data processing for GRASIM completed successfully
2024-07-15 16:07:52,262 - Time taken for GUJGASLTD: 0.615154504776001 seconds
2024-07-15 16:07:52,262 - Data processing for GUJGASLTD completed successfully
2024-07-15 16:07:52,984 - Time taken for HAL: 0.7217905521392822 seconds
2024-07-15 16:07:52,984 - Data processing for HAL completed successfully
2024-07-15 16:07:53,633 - Time taken for HAVELLS: 0.6487054824829102 seconds
2024-07-15 16:07:53,633 - Data processing for HAVELLS completed successfully
2024-07-15 16:07:54,251 - Time taken for KPITTECH: 0.6179478168487549 seconds
2024-07-15 16:07:54,251 - Data processing for KPITTECH completed successfully
2024-07-15 16:07:54,866 - Time taken for LATENTVIEW: 0.6152634620666504 seconds
2024-07-15 16:07:54,866 - Data processing for LATENTVIEW completed successfully
2024-07-15 16:07:54,866 - Overall time taken: 119.80897188186646 seconds
2024-07-15 16:07:54,866 - Data processing for all tables completed successfully
