2024-07-19 11:23:22,470 - 

DATABASE : Demo

2024-07-19 11:23:22,533 - Error occurred while processing table: AARTIIND_15m
2024-07-19 11:23:22,533 - Error message: '1d_Open'
2024-07-19 11:23:22,564 - Error occurred while processing table: AARTIIND_1h
2024-07-19 11:23:22,564 - Error message: '1d_Open'
2024-07-19 11:23:22,583 - Error occurred while processing table: AARTIIND_1d
2024-07-19 11:23:22,583 - Error message: '1d_Open'
2024-07-19 11:23:22,615 - Error occurred while processing table: ABB_15m
2024-07-19 11:23:22,615 - Error message: '1d_Open'
2024-07-19 11:23:22,653 - Error occurred while processing table: ABB_1h
2024-07-19 11:23:22,653 - Error message: '1d_Open'
2024-07-19 11:23:22,679 - Error occurred while processing table: ABB_1d
2024-07-19 11:23:22,679 - Error message: '1d_Open'
2024-07-19 11:23:29,575 - Time taken for LTTS: 6.895281553268433 seconds
2024-07-19 11:23:29,575 - Data processing for LTTS completed successfully
2024-07-19 11:23:30,425 - Time taken for LUPIN: 0.8496644496917725 seconds
2024-07-19 11:23:30,425 - Data processing for LUPIN completed successfully
2024-07-19 11:23:31,141 - Time taken for M&M: 0.7158854007720947 seconds
2024-07-19 11:23:31,141 - Data processing for M&M completed successfully
2024-07-19 11:23:31,995 - Time taken for ^NSEI: 0.8538360595703125 seconds
2024-07-19 11:23:31,995 - Data processing for ^NSEI completed successfully
2024-07-19 11:23:32,846 - Time taken for ^NSEBANK: 0.8508620262145996 seconds
2024-07-19 11:23:32,846 - Data processing for ^NSEBANK completed successfully
2024-07-19 11:23:33,605 - Time taken for ZYDUSLIFE: 0.7585256099700928 seconds
2024-07-19 11:23:33,605 - Data processing for ZYDUSLIFE completed successfully
2024-07-19 11:23:34,387 - Time taken for HDFCBANK: 0.7820971012115479 seconds
2024-07-19 11:23:34,387 - Data processing for HDFCBANK completed successfully
2024-07-19 11:23:35,159 - Time taken for AXISBANK: 0.7716853618621826 seconds
2024-07-19 11:23:35,159 - Data processing for AXISBANK completed successfully
2024-07-19 11:23:35,860 - Time taken for PRESTIGE: 0.7000219821929932 seconds
2024-07-19 11:23:35,860 - Data processing for PRESTIGE completed successfully
2024-07-19 11:23:36,506 - Time taken for SBICARD: 0.6456544399261475 seconds
2024-07-19 11:23:36,506 - Data processing for SBICARD completed successfully
2024-07-19 11:23:37,210 - Time taken for SBILIFE: 0.7033722400665283 seconds
2024-07-19 11:23:37,210 - Data processing for SBILIFE completed successfully
2024-07-19 11:23:38,175 - Time taken for SBIN: 0.9645106792449951 seconds
2024-07-19 11:23:38,175 - Data processing for SBIN completed successfully
2024-07-19 11:23:38,858 - Time taken for SHREECEM: 0.6831395626068115 seconds
2024-07-19 11:23:38,858 - Data processing for SHREECEM completed successfully
2024-07-19 11:23:39,642 - Time taken for MUTHOOTFIN: 0.7834701538085938 seconds
2024-07-19 11:23:39,642 - Data processing for MUTHOOTFIN completed successfully
2024-07-19 11:23:40,308 - Time taken for TITAN: 0.6663038730621338 seconds
2024-07-19 11:23:40,308 - Data processing for TITAN completed successfully
2024-07-19 11:23:41,013 - Time taken for TORNTPHARM: 0.7053751945495605 seconds
2024-07-19 11:23:41,013 - Data processing for TORNTPHARM completed successfully
2024-07-19 11:23:41,675 - Time taken for ABB: 0.6616990566253662 seconds
2024-07-19 11:23:41,675 - Data processing for ABB completed successfully
2024-07-19 11:23:42,395 - Time taken for INDUSTOWER: 0.7194850444793701 seconds
2024-07-19 11:23:42,395 - Data processing for INDUSTOWER completed successfully
2024-07-19 11:23:43,092 - Time taken for VOLTAS: 0.6975512504577637 seconds
2024-07-19 11:23:43,092 - Data processing for VOLTAS completed successfully
2024-07-19 11:23:43,891 - Time taken for BHARTIARTL: 0.7991573810577393 seconds
2024-07-19 11:23:43,891 - Data processing for BHARTIARTL completed successfully
2024-07-19 11:23:44,696 - Time taken for BHEL: 0.8052105903625488 seconds
2024-07-19 11:23:44,696 - Data processing for BHEL completed successfully
2024-07-19 11:23:45,506 - Time taken for PNB: 0.808903694152832 seconds
2024-07-19 11:23:45,506 - Data processing for PNB completed successfully
2024-07-19 11:23:46,125 - Time taken for POLICYBZR: 0.6172211170196533 seconds
2024-07-19 11:23:46,125 - Data processing for POLICYBZR completed successfully
2024-07-19 11:23:46,904 - Time taken for ABFRL: 0.779853105545044 seconds
2024-07-19 11:23:46,904 - Data processing for ABFRL completed successfully
2024-07-19 11:23:47,506 - Time taken for POLYCAB: 0.5856282711029053 seconds
2024-07-19 11:23:47,506 - Data processing for POLYCAB completed successfully
2024-07-19 11:23:48,272 - Time taken for SHRIRAMFIN: 0.7665717601776123 seconds
2024-07-19 11:23:48,272 - Data processing for SHRIRAMFIN completed successfully
2024-07-19 11:23:48,978 - Time taken for SIEMENS: 0.7054030895233154 seconds
2024-07-19 11:23:48,978 - Data processing for SIEMENS completed successfully
2024-07-19 11:23:49,692 - Time taken for SONACOMS: 0.7018017768859863 seconds
2024-07-19 11:23:49,692 - Data processing for SONACOMS completed successfully
2024-07-19 11:23:50,375 - Time taken for SRF: 0.6831023693084717 seconds
2024-07-19 11:23:50,375 - Data processing for SRF completed successfully
2024-07-19 11:23:51,059 - Time taken for SUNPHARMA: 0.6836032867431641 seconds
2024-07-19 11:23:51,059 - Data processing for SUNPHARMA completed successfully
2024-07-19 11:23:51,757 - Time taken for SUNTV: 0.6986408233642578 seconds
2024-07-19 11:23:51,757 - Data processing for SUNTV completed successfully
2024-07-19 11:23:52,669 - Time taken for SYNGENE: 0.9119296073913574 seconds
2024-07-19 11:23:52,670 - Data processing for SYNGENE completed successfully
2024-07-19 11:23:53,429 - Time taken for TATACHEM: 0.7587425708770752 seconds
2024-07-19 11:23:53,429 - Data processing for TATACHEM completed successfully
2024-07-19 11:23:54,071 - Time taken for TATACOMM: 0.6416337490081787 seconds
2024-07-19 11:23:54,071 - Data processing for TATACOMM completed successfully
2024-07-19 11:23:54,722 - Time taken for LATENTVIEW: 0.6516659259796143 seconds
2024-07-19 11:23:54,722 - Data processing for LATENTVIEW completed successfully
2024-07-19 11:23:54,738 - Error occurred while processing table: django_migrations
2024-07-19 11:23:54,754 - Error message: '1d_Open'
2024-07-19 11:23:54,760 - Error occurred while processing table: django_content_type
2024-07-19 11:23:54,760 - Error message: '1d_Open'
2024-07-19 11:23:54,798 - Error occurred while processing table: auth_permission
2024-07-19 11:23:54,798 - Error message: '1d_Open'
2024-07-19 11:23:54,821 - Error occurred while processing table: auth_group
2024-07-19 11:23:54,821 - Error message: '1d_Open'
2024-07-19 11:23:54,871 - Error occurred while processing table: auth_group_permissions
2024-07-19 11:23:54,871 - Error message: '1d_Open'
2024-07-19 11:23:54,901 - Error occurred while processing table: accounts_user
2024-07-19 11:23:54,901 - Error message: '1d_Open'
2024-07-19 11:23:54,942 - Error occurred while processing table: accounts_user_groups
2024-07-19 11:23:54,942 - Error message: '1d_Open'
2024-07-19 11:23:54,989 - Error occurred while processing table: accounts_user_user_permissions
2024-07-19 11:23:54,989 - Error message: '1d_Open'
2024-07-19 11:23:55,015 - Error occurred while processing table: accounts_strategy
2024-07-19 11:23:55,015 - Error message: '1d_Open'
2024-07-19 11:23:55,045 - Error occurred while processing table: accounts_tickersymbol
2024-07-19 11:23:55,045 - Error message: '1d_Open'
2024-07-19 11:23:55,094 - Error occurred while processing table: django_admin_log
2024-07-19 11:23:55,094 - Error message: '1d_Open'
2024-07-19 11:23:55,128 - Error occurred while processing table: authtoken_token
2024-07-19 11:23:55,128 - Error message: '1d_Open'
2024-07-19 11:23:55,153 - Error occurred while processing table: django_session
2024-07-19 11:23:55,153 - Error message: '1d_Open'
2024-07-19 11:23:55,822 - Time taken for TATACONSUM: 0.6668534278869629 seconds
2024-07-19 11:23:55,822 - Data processing for TATACONSUM completed successfully
2024-07-19 11:23:56,538 - Time taken for TATAELXSI: 0.715721845626831 seconds
2024-07-19 11:23:56,538 - Data processing for TATAELXSI completed successfully
2024-07-19 11:23:57,170 - Time taken for TATAMOTORS: 0.6324479579925537 seconds
2024-07-19 11:23:57,170 - Data processing for TATAMOTORS completed successfully
2024-07-19 11:23:57,822 - Time taken for TATAMTRDVR: 0.6517586708068848 seconds
2024-07-19 11:23:57,822 - Data processing for TATAMTRDVR completed successfully
2024-07-19 11:23:58,473 - Time taken for ITC: 0.6510515213012695 seconds
2024-07-19 11:23:58,473 - Data processing for ITC completed successfully
2024-07-19 11:23:59,153 - Time taken for JINDALSTEL: 0.6643526554107666 seconds
2024-07-19 11:23:59,153 - Data processing for JINDALSTEL completed successfully
2024-07-19 11:23:59,850 - Time taken for RAMCOCEM: 0.6972346305847168 seconds
2024-07-19 11:23:59,850 - Data processing for RAMCOCEM completed successfully
2024-07-19 11:24:00,636 - Time taken for RECLTD: 0.7859885692596436 seconds
2024-07-19 11:24:00,636 - Data processing for RECLTD completed successfully
2024-07-19 11:24:01,305 - Time taken for INFY: 0.6685729026794434 seconds
2024-07-19 11:24:01,305 - Data processing for INFY completed successfully
2024-07-19 11:24:01,990 - Time taken for IOC: 0.6855978965759277 seconds
2024-07-19 11:24:01,990 - Data processing for IOC completed successfully
2024-07-19 11:24:02,688 - Time taken for TATAPOWER: 0.6979894638061523 seconds
2024-07-19 11:24:02,688 - Data processing for TATAPOWER completed successfully
2024-07-19 11:24:03,455 - Time taken for TATASTEEL: 0.7666423320770264 seconds
2024-07-19 11:24:03,455 - Data processing for TATASTEEL completed successfully
2024-07-19 11:24:04,136 - Time taken for IPCALAB: 0.6812887191772461 seconds
2024-07-19 11:24:04,136 - Data processing for IPCALAB completed successfully
2024-07-19 11:24:04,772 - Time taken for IRCTC: 0.6197893619537354 seconds
2024-07-19 11:24:04,772 - Data processing for IRCTC completed successfully
2024-07-19 11:24:05,522 - Time taken for YESBANK: 0.7498490810394287 seconds
2024-07-19 11:24:05,522 - Data processing for YESBANK completed successfully
2024-07-19 11:24:06,272 - Time taken for BALKRISIND: 0.7501838207244873 seconds
2024-07-19 11:24:06,287 - Data processing for BALKRISIND completed successfully
2024-07-19 11:24:07,121 - Time taken for BANKBARODA: 0.8334357738494873 seconds
2024-07-19 11:24:07,121 - Data processing for BANKBARODA completed successfully
2024-07-19 11:24:07,821 - Time taken for BATAINDIA: 0.7006711959838867 seconds
2024-07-19 11:24:07,821 - Data processing for BATAINDIA completed successfully
2024-07-19 11:24:08,471 - Time taken for BDL: 0.6500020027160645 seconds
2024-07-19 11:24:08,471 - Data processing for BDL completed successfully
2024-07-19 11:24:09,171 - Time taken for BEL: 0.7000572681427002 seconds
2024-07-19 11:24:09,171 - Data processing for BEL completed successfully
2024-07-19 11:24:10,021 - Time taken for BERGEPAINT: 0.8490471839904785 seconds
2024-07-19 11:24:10,021 - Data processing for BERGEPAINT completed successfully
2024-07-19 11:24:10,670 - Time taken for BHARATFORG: 0.6497354507446289 seconds
2024-07-19 11:24:10,670 - Data processing for BHARATFORG completed successfully
2024-07-19 11:24:11,304 - Time taken for CONCOR: 0.6340570449829102 seconds
2024-07-19 11:24:11,304 - Data processing for CONCOR completed successfully
2024-07-19 11:24:11,938 - Time taken for COROMANDEL: 0.6335854530334473 seconds
2024-07-19 11:24:11,938 - Data processing for COROMANDEL completed successfully
2024-07-19 11:24:12,688 - Time taken for CROMPTON: 0.7502567768096924 seconds
2024-07-19 11:24:12,688 - Data processing for CROMPTON completed successfully
2024-07-19 11:24:13,402 - Time taken for CUMMINSIND: 0.7133362293243408 seconds
2024-07-19 11:24:13,402 - Data processing for CUMMINSIND completed successfully
2024-07-19 11:24:14,085 - Time taken for RELIANCE: 0.6835842132568359 seconds
2024-07-19 11:24:14,085 - Data processing for RELIANCE completed successfully
2024-07-19 11:24:14,737 - Time taken for SAIL: 0.6517777442932129 seconds
2024-07-19 11:24:14,737 - Data processing for SAIL completed successfully
2024-07-19 11:24:15,370 - Time taken for DALBHARAT: 0.6330585479736328 seconds
2024-07-19 11:24:15,370 - Data processing for DALBHARAT completed successfully
2024-07-19 11:24:16,043 - Time taken for DEEPAKNTR: 0.6733927726745605 seconds
2024-07-19 11:24:16,043 - Data processing for DEEPAKNTR completed successfully
2024-07-19 11:24:16,670 - Time taken for MSUMI: 0.6268727779388428 seconds
2024-07-19 11:24:16,670 - Data processing for MSUMI completed successfully
2024-07-19 11:24:17,288 - Time taken for POWERGRID: 0.6174280643463135 seconds
2024-07-19 11:24:17,288 - Data processing for POWERGRID completed successfully
2024-07-19 11:24:17,919 - Time taken for EPIGRAL: 0.6314682960510254 seconds
2024-07-19 11:24:17,919 - Data processing for EPIGRAL completed successfully
2024-07-19 11:24:18,689 - Time taken for ESCORTS: 0.7701380252838135 seconds
2024-07-19 11:24:18,689 - Data processing for ESCORTS completed successfully
2024-07-19 11:24:19,321 - Time taken for FACT: 0.6318519115447998 seconds
2024-07-19 11:24:19,321 - Data processing for FACT completed successfully
2024-07-19 11:24:20,021 - Time taken for FLUOROCHEM: 0.7000606060028076 seconds
2024-07-19 11:24:20,021 - Data processing for FLUOROCHEM completed successfully
2024-07-19 11:24:20,722 - Time taken for GAIL: 0.7007946968078613 seconds
2024-07-19 11:24:20,722 - Data processing for GAIL completed successfully
2024-07-19 11:24:21,471 - Time taken for GLAND: 0.7490112781524658 seconds
2024-07-19 11:24:21,471 - Data processing for GLAND completed successfully
2024-07-19 11:24:22,086 - Time taken for DELHIVERY: 0.6147570610046387 seconds
2024-07-19 11:24:22,086 - Data processing for DELHIVERY completed successfully
2024-07-19 11:24:22,704 - Time taken for DIVISLAB: 0.6184530258178711 seconds
2024-07-19 11:24:22,704 - Data processing for DIVISLAB completed successfully
2024-07-19 11:24:23,354 - Time taken for DIXON: 0.6502087116241455 seconds
2024-07-19 11:24:23,354 - Data processing for DIXON completed successfully
2024-07-19 11:24:24,102 - Time taken for DLF: 0.7477817535400391 seconds
2024-07-19 11:24:24,102 - Data processing for DLF completed successfully
2024-07-19 11:24:24,753 - Time taken for DRREDDY: 0.6510448455810547 seconds
2024-07-19 11:24:24,753 - Data processing for DRREDDY completed successfully
2024-07-19 11:24:25,654 - Time taken for EICHERMOT: 0.9008142948150635 seconds
2024-07-19 11:24:25,654 - Data processing for EICHERMOT completed successfully
2024-07-19 11:24:26,486 - Time taken for M&MFIN: 0.8323423862457275 seconds
2024-07-19 11:24:26,486 - Data processing for M&MFIN completed successfully
2024-07-19 11:24:27,154 - Time taken for MANKIND: 0.6676185131072998 seconds
2024-07-19 11:24:27,154 - Data processing for MANKIND completed successfully
2024-07-19 11:24:27,872 - Time taken for MARICO: 0.7177619934082031 seconds
2024-07-19 11:24:27,872 - Data processing for MARICO completed successfully
2024-07-19 11:24:28,599 - Time taken for MARUTI: 0.7269279956817627 seconds
2024-07-19 11:24:28,599 - Data processing for MARUTI completed successfully
2024-07-19 11:24:29,372 - Time taken for MAXHEALTH: 0.7729475498199463 seconds
2024-07-19 11:24:29,372 - Data processing for MAXHEALTH completed successfully
2024-07-19 11:24:30,003 - Time taken for MAZDOCK: 0.6310243606567383 seconds
2024-07-19 11:24:30,003 - Data processing for MAZDOCK completed successfully
2024-07-19 11:24:30,620 - Time taken for MCDOWELL-N: 0.6170823574066162 seconds
2024-07-19 11:24:30,620 - Data processing for MCDOWELL-N completed successfully
2024-07-19 11:24:31,338 - Time taken for MFSL: 0.7185189723968506 seconds
2024-07-19 11:24:31,338 - Data processing for MFSL completed successfully
2024-07-19 11:24:32,004 - Time taken for MOTHERSON: 0.6656153202056885 seconds
2024-07-19 11:24:32,004 - Data processing for MOTHERSON completed successfully
2024-07-19 11:24:32,754 - Time taken for JSWENERGY: 0.7500805854797363 seconds
2024-07-19 11:24:32,754 - Data processing for JSWENERGY completed successfully
2024-07-19 11:24:33,404 - Time taken for JSWSTEEL: 0.6497552394866943 seconds
2024-07-19 11:24:33,404 - Data processing for JSWSTEEL completed successfully
2024-07-19 11:24:34,019 - Time taken for JUBLFOOD: 0.6156101226806641 seconds
2024-07-19 11:24:34,019 - Data processing for JUBLFOOD completed successfully
2024-07-19 11:24:34,687 - Time taken for KOTAKBANK: 0.667844295501709 seconds
2024-07-19 11:24:34,687 - Data processing for KOTAKBANK completed successfully
2024-07-19 11:24:35,371 - Time taken for AMBUJACEM: 0.6838397979736328 seconds
2024-07-19 11:24:35,371 - Data processing for AMBUJACEM completed successfully
2024-07-19 11:24:36,087 - Time taken for APLAPOLLO: 0.7159905433654785 seconds
2024-07-19 11:24:36,087 - Data processing for APLAPOLLO completed successfully
2024-07-19 11:24:36,704 - Time taken for NAUKRI: 0.6168444156646729 seconds
2024-07-19 11:24:36,704 - Data processing for NAUKRI completed successfully
2024-07-19 11:24:37,387 - Time taken for MPHASIS: 0.6831927299499512 seconds
2024-07-19 11:24:37,387 - Data processing for MPHASIS completed successfully
2024-07-19 11:24:38,036 - Time taken for GODREJPROP: 0.6491575241088867 seconds
2024-07-19 11:24:38,036 - Data processing for GODREJPROP completed successfully
2024-07-19 11:24:38,704 - Time taken for DABUR: 0.6673488616943359 seconds
2024-07-19 11:24:38,704 - Data processing for DABUR completed successfully
2024-07-19 11:24:39,403 - Time taken for GRASIM: 0.6999359130859375 seconds
2024-07-19 11:24:39,403 - Data processing for GRASIM completed successfully
2024-07-19 11:24:40,070 - Time taken for GUJGASLTD: 0.6666972637176514 seconds
2024-07-19 11:24:40,070 - Data processing for GUJGASLTD completed successfully
2024-07-19 11:24:40,735 - Time taken for HAL: 0.6646511554718018 seconds
2024-07-19 11:24:40,735 - Data processing for HAL completed successfully
2024-07-19 11:24:41,520 - Time taken for HAVELLS: 0.7853450775146484 seconds
2024-07-19 11:24:41,520 - Data processing for HAVELLS completed successfully
2024-07-19 11:24:42,186 - Time taken for KPITTECH: 0.6657114028930664 seconds
2024-07-19 11:24:42,186 - Data processing for KPITTECH completed successfully
2024-07-19 11:24:42,936 - Time taken for LAURUSLABS: 0.7499651908874512 seconds
2024-07-19 11:24:42,936 - Data processing for LAURUSLABS completed successfully
2024-07-19 11:24:43,554 - Time taken for LICHSGFIN: 0.61775803565979 seconds
2024-07-19 11:24:43,554 - Data processing for LICHSGFIN completed successfully
2024-07-19 11:24:44,321 - Time taken for LICI: 0.7673790454864502 seconds
2024-07-19 11:24:44,321 - Data processing for LICI completed successfully
2024-07-19 11:24:45,002 - Time taken for HCLTECH: 0.6812715530395508 seconds
2024-07-19 11:24:45,002 - Data processing for HCLTECH completed successfully
2024-07-19 11:24:45,636 - Time taken for HDFCAMC: 0.6341338157653809 seconds
2024-07-19 11:24:45,636 - Data processing for HDFCAMC completed successfully
2024-07-19 11:24:46,255 - Time taken for HDFCLIFE: 0.6191332340240479 seconds
2024-07-19 11:24:46,255 - Data processing for HDFCLIFE completed successfully
2024-07-19 11:24:47,018 - Time taken for IRFC: 0.7624924182891846 seconds
2024-07-19 11:24:47,018 - Data processing for IRFC completed successfully
2024-07-19 11:24:47,718 - Time taken for UBL: 0.7001278400421143 seconds
2024-07-19 11:24:47,718 - Data processing for UBL completed successfully
2024-07-19 11:24:48,386 - Time taken for ULTRACEMCO: 0.6682918071746826 seconds
2024-07-19 11:24:48,386 - Data processing for ULTRACEMCO completed successfully
2024-07-19 11:24:49,114 - Time taken for UNIONBANK: 0.7273597717285156 seconds
2024-07-19 11:24:49,115 - Data processing for UNIONBANK completed successfully
2024-07-19 11:24:49,801 - Time taken for UPL: 0.6862843036651611 seconds
2024-07-19 11:24:49,801 - Data processing for UPL completed successfully
2024-07-19 11:24:50,452 - Time taken for VBL: 0.6510789394378662 seconds
2024-07-19 11:24:50,452 - Data processing for VBL completed successfully
2024-07-19 11:24:51,157 - Time taken for VEDL: 0.7049756050109863 seconds
2024-07-19 11:24:51,157 - Data processing for VEDL completed successfully
2024-07-19 11:24:52,036 - Time taken for GODREJCP: 0.8792984485626221 seconds
2024-07-19 11:24:52,036 - Data processing for GODREJCP completed successfully
2024-07-19 11:24:52,705 - Time taken for WIPRO: 0.6683933734893799 seconds
2024-07-19 11:24:52,705 - Data processing for WIPRO completed successfully
2024-07-19 11:24:53,438 - Time taken for PEL: 0.7336821556091309 seconds
2024-07-19 11:24:53,438 - Data processing for PEL completed successfully
2024-07-19 11:24:54,198 - Time taken for TRENT: 0.7595517635345459 seconds
2024-07-19 11:24:54,198 - Data processing for TRENT completed successfully
2024-07-19 11:24:54,986 - Time taken for TVSMOTOR: 0.7866232395172119 seconds
2024-07-19 11:24:54,986 - Data processing for TVSMOTOR completed successfully
2024-07-19 11:24:55,740 - Time taken for AARTIIND: 0.7544457912445068 seconds
2024-07-19 11:24:55,740 - Data processing for AARTIIND completed successfully
2024-07-19 11:24:56,562 - Time taken for PERSISTENT: 0.8217952251434326 seconds
2024-07-19 11:24:56,562 - Data processing for PERSISTENT completed successfully
2024-07-19 11:24:57,251 - Time taken for PETRONET: 0.6880981922149658 seconds
2024-07-19 11:24:57,251 - Data processing for PETRONET completed successfully
2024-07-19 11:24:57,921 - Time taken for PFC: 0.6698837280273438 seconds
2024-07-19 11:24:57,922 - Data processing for PFC completed successfully
2024-07-19 11:24:58,624 - Time taken for PGHH: 0.7017772197723389 seconds
2024-07-19 11:24:58,624 - Data processing for PGHH completed successfully
2024-07-19 11:24:59,300 - Time taken for PIDILITIND: 0.6748473644256592 seconds
2024-07-19 11:24:59,300 - Data processing for PIDILITIND completed successfully
2024-07-19 11:24:59,997 - Time taken for PIIND: 0.6972224712371826 seconds
2024-07-19 11:24:59,997 - Data processing for PIIND completed successfully
2024-07-19 11:25:00,691 - Time taken for TCS: 0.6938269138336182 seconds
2024-07-19 11:25:00,696 - Data processing for TCS completed successfully
2024-07-19 11:25:01,431 - Time taken for TECHM: 0.7350099086761475 seconds
2024-07-19 11:25:01,431 - Data processing for TECHM completed successfully
2024-07-19 11:25:02,089 - Time taken for TIINDIA: 0.6575031280517578 seconds
2024-07-19 11:25:02,089 - Data processing for TIINDIA completed successfully
2024-07-19 11:25:02,743 - Time taken for NAVINFLUOR: 0.6531715393066406 seconds
2024-07-19 11:25:02,743 - Data processing for NAVINFLUOR completed successfully
2024-07-19 11:25:03,397 - Time taken for NESTLEIND: 0.6525464057922363 seconds
2024-07-19 11:25:03,397 - Data processing for NESTLEIND completed successfully
2024-07-19 11:25:04,041 - Time taken for NHPC: 0.6438477039337158 seconds
2024-07-19 11:25:04,041 - Data processing for NHPC completed successfully
2024-07-19 11:25:04,715 - Time taken for NMDC: 0.6733770370483398 seconds
2024-07-19 11:25:04,715 - Data processing for NMDC completed successfully
2024-07-19 11:25:05,348 - Time taken for NTPC: 0.6329607963562012 seconds
2024-07-19 11:25:05,348 - Data processing for NTPC completed successfully
2024-07-19 11:25:05,968 - Time taken for NYKAA: 0.620032787322998 seconds
2024-07-19 11:25:05,968 - Data processing for NYKAA completed successfully
2024-07-19 11:25:06,833 - Time taken for OBEROIRLTY: 0.8648362159729004 seconds
2024-07-19 11:25:06,833 - Data processing for OBEROIRLTY completed successfully
2024-07-19 11:25:07,614 - Time taken for OIL: 0.7802407741546631 seconds
2024-07-19 11:25:07,614 - Data processing for OIL completed successfully
2024-07-19 11:25:08,467 - Time taken for ONGC: 0.8534533977508545 seconds
2024-07-19 11:25:08,468 - Data processing for ONGC completed successfully
2024-07-19 11:25:09,134 - Time taken for PAGEIND: 0.6654515266418457 seconds
2024-07-19 11:25:09,134 - Data processing for PAGEIND completed successfully
2024-07-19 11:25:09,817 - Time taken for PATANJALI: 0.6825418472290039 seconds
2024-07-19 11:25:09,817 - Data processing for PATANJALI completed successfully
2024-07-19 11:25:10,621 - Time taken for HEROMOTOCO: 0.8037834167480469 seconds
2024-07-19 11:25:10,621 - Data processing for HEROMOTOCO completed successfully
2024-07-19 11:25:11,346 - Time taken for HINDALCO: 0.7248363494873047 seconds
2024-07-19 11:25:11,346 - Data processing for HINDALCO completed successfully
2024-07-19 11:25:12,087 - Time taken for HINDPETRO: 0.7409968376159668 seconds
2024-07-19 11:25:12,087 - Data processing for HINDPETRO completed successfully
2024-07-19 11:25:12,900 - Time taken for HINDUNILVR: 0.8133676052093506 seconds
2024-07-19 11:25:12,900 - Data processing for HINDUNILVR completed successfully
2024-07-19 11:25:13,631 - Time taken for ICICIBANK: 0.7291133403778076 seconds
2024-07-19 11:25:13,631 - Data processing for ICICIBANK completed successfully
2024-07-19 11:25:14,304 - Time taken for ICICIGI: 0.6729128360748291 seconds
2024-07-19 11:25:14,304 - Data processing for ICICIGI completed successfully
2024-07-19 11:25:15,089 - Time taken for ICICIPRULI: 0.7841968536376953 seconds
2024-07-19 11:25:15,089 - Data processing for ICICIPRULI completed successfully
2024-07-19 11:25:15,818 - Time taken for IDFCFIRSTB: 0.7294292449951172 seconds
2024-07-19 11:25:15,818 - Data processing for IDFCFIRSTB completed successfully
2024-07-19 11:25:16,513 - Time taken for IGL: 0.6946244239807129 seconds
2024-07-19 11:25:16,513 - Data processing for IGL completed successfully
2024-07-19 11:25:17,222 - Time taken for INDHOTEL: 0.7093174457550049 seconds
2024-07-19 11:25:17,222 - Data processing for INDHOTEL completed successfully
2024-07-19 11:25:17,868 - Time taken for INDIGO: 0.6449110507965088 seconds
2024-07-19 11:25:17,868 - Data processing for INDIGO completed successfully
2024-07-19 11:25:18,591 - Time taken for INDUSINDBK: 0.72267746925354 seconds
2024-07-19 11:25:18,591 - Data processing for INDUSINDBK completed successfully
2024-07-19 11:25:19,243 - Time taken for APOLLOHOSP: 0.6513454914093018 seconds
2024-07-19 11:25:19,243 - Data processing for APOLLOHOSP completed successfully
2024-07-19 11:25:19,894 - Time taken for APOLLOTYRE: 0.6514711380004883 seconds
2024-07-19 11:25:19,894 - Data processing for APOLLOTYRE completed successfully
2024-07-19 11:25:20,560 - Time taken for ASIANPAINT: 0.6658196449279785 seconds
2024-07-19 11:25:20,560 - Data processing for ASIANPAINT completed successfully
2024-07-19 11:25:21,253 - Time taken for LODHA: 0.6930091381072998 seconds
2024-07-19 11:25:21,253 - Data processing for LODHA completed successfully
2024-07-19 11:25:21,869 - Time taken for LT: 0.6156461238861084 seconds
2024-07-19 11:25:21,869 - Data processing for LT completed successfully
2024-07-19 11:25:22,528 - Time taken for ASTRAL: 0.659778356552124 seconds
2024-07-19 11:25:22,528 - Data processing for ASTRAL completed successfully
2024-07-19 11:25:23,142 - Time taken for AUBANK: 0.6133425235748291 seconds
2024-07-19 11:25:23,157 - Data processing for AUBANK completed successfully
2024-07-19 11:25:23,817 - Time taken for AUROPHARMA: 0.6594467163085938 seconds
2024-07-19 11:25:23,817 - Data processing for AUROPHARMA completed successfully
2024-07-19 11:25:24,433 - Time taken for ABCAPITAL: 0.6164932250976562 seconds
2024-07-19 11:25:24,433 - Data processing for ABCAPITAL completed successfully
2024-07-19 11:25:25,052 - Time taken for ACC: 0.6190204620361328 seconds
2024-07-19 11:25:25,052 - Data processing for ACC completed successfully
2024-07-19 11:25:25,637 - Time taken for ACL: 0.5843250751495361 seconds
2024-07-19 11:25:25,637 - Data processing for ACL completed successfully
2024-07-19 11:25:26,452 - Time taken for ADANIENT: 0.8155593872070312 seconds
2024-07-19 11:25:26,452 - Data processing for ADANIENT completed successfully
2024-07-19 11:25:27,118 - Time taken for ADANIPORTS: 0.6663048267364502 seconds
2024-07-19 11:25:27,118 - Data processing for ADANIPORTS completed successfully
2024-07-19 11:25:27,760 - Time taken for ADANIPOWER: 0.6416523456573486 seconds
2024-07-19 11:25:27,760 - Data processing for ADANIPOWER completed successfully
2024-07-19 11:25:28,470 - Time taken for ALKEM: 0.7090239524841309 seconds
2024-07-19 11:25:28,470 - Data processing for ALKEM completed successfully
2024-07-19 11:25:29,172 - Time taken for BAJAJ-AUTO: 0.7012624740600586 seconds
2024-07-19 11:25:29,172 - Data processing for BAJAJ-AUTO completed successfully
2024-07-19 11:25:29,941 - Time taken for BAJAJFINSV: 0.7673752307891846 seconds
2024-07-19 11:25:29,941 - Data processing for BAJAJFINSV completed successfully
2024-07-19 11:25:30,633 - Time taken for BAJFINANCE: 0.692101001739502 seconds
2024-07-19 11:25:30,633 - Data processing for BAJFINANCE completed successfully
2024-07-19 11:25:31,431 - Time taken for BIOCON: 0.7978606224060059 seconds
2024-07-19 11:25:31,431 - Data processing for BIOCON completed successfully
2024-07-19 11:25:32,328 - Time taken for BOSCHLTD: 0.8965537548065186 seconds
2024-07-19 11:25:32,328 - Data processing for BOSCHLTD completed successfully
2024-07-19 11:25:32,978 - Time taken for BPCL: 0.6494741439819336 seconds
2024-07-19 11:25:32,978 - Data processing for BPCL completed successfully
2024-07-19 11:25:33,770 - Time taken for BRITANNIA: 0.7921748161315918 seconds
2024-07-19 11:25:33,770 - Data processing for BRITANNIA completed successfully
2024-07-19 11:25:34,585 - Time taken for CANBK: 0.815208911895752 seconds
2024-07-19 11:25:34,585 - Data processing for CANBK completed successfully
2024-07-19 11:25:36,101 - Time taken for CGPOWER: 1.5160839557647705 seconds
2024-07-19 11:25:36,101 - Data processing for CGPOWER completed successfully
2024-07-19 11:25:36,838 - Time taken for CHOLAFIN: 0.7368764877319336 seconds
2024-07-19 11:25:36,839 - Data processing for CHOLAFIN completed successfully
2024-07-19 11:25:37,521 - Time taken for CIPLA: 0.6819760799407959 seconds
2024-07-19 11:25:37,521 - Data processing for CIPLA completed successfully
2024-07-19 11:25:38,169 - Time taken for COALINDIA: 0.647714376449585 seconds
2024-07-19 11:25:38,169 - Data processing for COALINDIA completed successfully
2024-07-19 11:25:38,843 - Time taken for COFORGE: 0.6731734275817871 seconds
2024-07-19 11:25:38,843 - Data processing for COFORGE completed successfully
2024-07-19 11:25:39,546 - Time taken for COLPAL: 0.7035501003265381 seconds
2024-07-19 11:25:39,546 - Data processing for COLPAL completed successfully
2024-07-19 11:25:40,196 - Time taken for LTIM: 0.6497538089752197 seconds
2024-07-19 11:25:40,196 - Data processing for LTIM completed successfully
2024-07-19 11:25:40,196 - Overall time taken: 137.72567415237427 seconds
2024-07-19 11:25:40,196 - Data processing for all tables completed successfully
